Log file open, 01/28/19 20:18:44
LogWindows: Failed to load 'aqProf.dll' (GetLastError=126)
LogWindows: File 'aqProf.dll' does not exist
LogWindows: Failed to load 'VtuneApi.dll' (GetLastError=126)
LogWindows: File 'VtuneApi.dll' does not exist
LogWindows: Failed to load 'VtuneApi32e.dll' (GetLastError=126)
LogWindows: File 'VtuneApi32e.dll' does not exist
LogInit: Display: Running engine for game: Akenomia
LogPlatformFile: Not using cached read wrapper
LogTaskGraph: Started task graph with 5 named threads and 23 total threads with 3 sets of task threads.
LogStats: Stats thread started at 0.303543
LogD3D11RHI: Loaded GFSDK_Aftermath_Lib.x64.dll
LogICUInternationalization: Display: ICU TimeZone Detection - Raw Offset: +1:00, Platform Override: ''
LogPluginManager: Mounting plugin Paper2D
LogPluginManager: Mounting plugin AISupport
LogPluginManager: Mounting plugin LightPropagationVolume
LogPluginManager: Mounting plugin CLionSourceCodeAccess
LogPluginManager: Mounting plugin CodeLiteSourceCodeAccess
LogPluginManager: Mounting plugin GitSourceControl
LogPluginManager: Mounting plugin KDevelopSourceCodeAccess
LogPluginManager: Mounting plugin NullSourceCodeAccess
LogPluginManager: Mounting plugin PerforceSourceControl
LogPluginManager: Mounting plugin SubversionSourceControl
LogPluginManager: Mounting plugin UObjectPlugin
LogPluginManager: Mounting plugin VisualStudioCodeSourceCodeAccess
LogPluginManager: Mounting plugin VisualStudioSourceCodeAccess
LogPluginManager: Mounting plugin XCodeSourceCodeAccess
LogPluginManager: Mounting plugin AssetManagerEditor
LogPluginManager: Mounting plugin CryptoKeys
LogPluginManager: Mounting plugin DataValidation
LogPluginManager: Mounting plugin EditorScriptingUtilities
LogPluginManager: Mounting plugin FacialAnimation
LogPluginManager: Mounting plugin GameplayTagsEditor
LogPluginManager: Mounting plugin MacGraphicsSwitching
LogPluginManager: Mounting plugin MeshEditor
LogPluginManager: Mounting plugin MobileLauncherProfileWizard
LogPluginManager: Mounting plugin PluginBrowser
LogPluginManager: Mounting plugin SpeedTreeImporter
LogPluginManager: Mounting plugin DatasmithContent
LogPluginManager: Mounting plugin AlembicImporter
LogPluginManager: Mounting plugin AppleImageUtils
LogPluginManager: Mounting plugin AppleVision
LogPluginManager: Mounting plugin BackChannel
LogPluginManager: Mounting plugin CharacterAI
LogPluginManager: Mounting plugin GeometryCache
LogPluginManager: Mounting plugin HTML5Networking
LogPluginManager: Mounting plugin ProxyLODPlugin
LogPluginManager: Mounting plugin MagicLeap
LogPluginManager: Mounting plugin MagicLeapEmulator
LogPluginManager: Mounting plugin MagicLeapMedia
LogPluginManager: Mounting plugin AndroidMedia
LogPluginManager: Mounting plugin AvfMedia
LogPluginManager: Mounting plugin ImgMedia
LogPluginManager: Mounting plugin LinearTimecode
LogPluginManager: Mounting plugin MediaCompositing
LogPluginManager: Mounting plugin MediaPlayerEditor
LogPluginManager: Mounting plugin WmfMedia
LogPluginManager: Mounting plugin TcpMessaging
LogPluginManager: Mounting plugin UdpMessaging
LogPluginManager: Mounting plugin ActorSequence
LogPluginManager: Mounting plugin LevelSequenceEditor
LogPluginManager: Mounting plugin MatineeToLevelSequence
LogPluginManager: Mounting plugin NetcodeUnitTest
LogPluginManager: Mounting plugin NUTUnrealEngine4
LogPluginManager: Mounting plugin OnlineSubsystemGooglePlay
LogPluginManager: Mounting plugin OnlineSubsystemIOS
LogPluginManager: Mounting plugin OnlineSubsystem
LogPluginManager: Mounting plugin OnlineSubsystemNull
LogPluginManager: Mounting plugin OnlineSubsystemUtils
LogPluginManager: Mounting plugin LauncherChunkInstaller
LogPluginManager: Mounting plugin AndroidDeviceProfileSelector
LogPluginManager: Mounting plugin AndroidMoviePlayer
LogPluginManager: Mounting plugin AndroidPermission
LogPluginManager: Mounting plugin AppleMoviePlayer
LogPluginManager: Mounting plugin ArchVisCharacter
LogPluginManager: Mounting plugin AudioCapture
LogPluginManager: Mounting plugin CableComponent
LogPluginManager: Mounting plugin CustomMeshComponent
LogPluginManager: Mounting plugin EditableMesh
LogPluginManager: Mounting plugin ExampleDeviceProfileSelector
LogPluginManager: Mounting plugin GoogleCloudMessaging
LogPluginManager: Mounting plugin ImmediatePhysics
LogPluginManager: Mounting plugin IOSDeviceProfileSelector
LogPluginManager: Mounting plugin LinuxDeviceProfileSelector
LogPluginManager: Mounting plugin LocationServicesBPLibrary
LogPluginManager: Mounting plugin MobilePatchingUtils
LogPluginManager: Mounting plugin OculusVR
LogPluginManager: Plugin shader directory ../../../Engine/Plugins/Runtime/Oculus/OculusVR/Shaders found
LogPluginManager: Mapping shader source directory ../../../Engine/Plugins/Runtime/Oculus/OculusVR/Shaders to virtual directory /Plugin/OculusVR
LogPluginManager: Mounting plugin PhysXVehicles
LogPluginManager: Mounting plugin ProceduralMeshComponent
LogPluginManager: Mounting plugin RuntimePhysXCooking
LogPluginManager: Mounting plugin SteamVR
LogPluginManager: Mounting plugin WindowsMoviePlayer
LogPluginManager: Mounting plugin DatasmithCADImporter
LogPluginManager: Mounting plugin DatasmithFBXImporter
LogPluginManager: Mounting plugin DatasmithImporter
LogPluginManager: Mounting plugin DatasmithMDLImporter
LogPluginManager: Mounting plugin StaticMeshEditorExtension
LogStreaming: Display: Took  0.175s to configure plugins.
LogInit: Using libcurl 7.55.1-DEV
LogInit:  - built for x86_64-pc-win32
LogInit:  - supports SSL with OpenSSL/1.0.2h
LogInit:  - supports HTTP deflate (compression) using libz 1.2.8
LogInit:  - other features:
LogInit:      CURL_VERSION_SSL
LogInit:      CURL_VERSION_LIBZ
LogInit:      CURL_VERSION_IPV6
LogInit:      CURL_VERSION_ASYNCHDNS
LogInit:      CURL_VERSION_LARGEFILE
LogInit:      CURL_VERSION_IDN
LogInit:  CurlRequestOptions (configurable via config and command line):
LogInit:  - bVerifyPeer = false  - Libcurl will NOT verify peer certificate
LogInit:  - bUseHttpProxy = false  - Libcurl will NOT use HTTP proxy
LogInit:  - bDontReuseConnections = false  - Libcurl will reuse connections
LogInit:  - CertBundlePath = nullptr  - Libcurl will use whatever was configured at build time.
LogInit:  - MaxHostConnections = 16  - Libcurl will limit the number of connections to a host
LogInit:  - LocalHostAddr = Default
LogInit:  - BufferSize = 65536
LogInit: WinSock: version 1.1 (2.2), MaxSocks=32767, MaxUdp=65467
LogInit: Build: ++UE4+Release-4.20-CL-4369336
LogInit: Engine Version: 4.20.3-4369336+++UE4+Release-4.20
LogInit: Compatible Engine Version: 4.20.0-4212847+++UE4+Release-4.20
LogInit: Net CL: 4212847
LogInit: OS: Windows 10 (), CPU: Intel(R) Core(TM) i7-4790K CPU @ 4.00GHz, GPU: NVIDIA GeForce GTX 960
LogInit: Compiled (64-bit): Sep 17 2018 12:26:19
LogInit: Compiled with Visual C++: 19.13.26129.00
LogInit: Build Configuration: Development
LogInit: Branch Name: ++UE4+Release-4.20
LogInit: Command Line:  
LogInit: Base Directory: B:/UE_4.20/Engine/Binaries/Win64/
LogInit: Installed Engine Build: 1
LogDevObjectVersion: Number of dev versions registered: 20
LogDevObjectVersion:   Dev-Blueprints (B0D832E4-1F89-4F0D-ACCF-7EB736FD4AA2): 10
LogDevObjectVersion:   Dev-Build (E1C64328-A22C-4D53-A36C-8E866417BD8C): 0
LogDevObjectVersion:   Dev-Core (375EC13C-06E4-48FB-B500-84F0262A717E): 2
LogDevObjectVersion:   Dev-Editor (E4B068ED-F494-42E9-A231-DA0B2E46BB41): 24
LogDevObjectVersion:   Dev-Framework (CFFC743F-43B0-4480-9391-14DF171D2073): 34
LogDevObjectVersion:   Dev-Mobile (B02B49B5-BB20-44E9-A304-32B752E40360): 2
LogDevObjectVersion:   Dev-Networking (A4E4105C-59A1-49B5-A7C5-40C4547EDFEE): 0
LogDevObjectVersion:   Dev-Online (39C831C9-5AE6-47DC-9A44-9C173E1C8E7C): 0
LogDevObjectVersion:   Dev-Physics (78F01B33-EBEA-4F98-B9B4-84EACCB95AA2): 0
LogDevObjectVersion:   Dev-Platform (6631380F-2D4D-43E0-8009-CF276956A95A): 0
LogDevObjectVersion:   Dev-Rendering (12F88B9F-8875-4AFC-A67C-D90C383ABD29): 26
LogDevObjectVersion:   Dev-Sequencer (7B5AE74C-D270-4C10-A958-57980B212A5A): 9
LogDevObjectVersion:   Dev-VR (D7296918-1DD6-4BDD-9DE2-64A83CC13884): 2
LogDevObjectVersion:   Dev-LoadTimes (C2A15278-BFE7-4AFE-6C17-90FF531DF755): 1
LogDevObjectVersion:   Private-Geometry (6EACA3D4-40EC-4CC1-B786-8BED09428FC5): 3
LogDevObjectVersion:   Dev-AnimPhys (29E575DD-E0A3-4627-9D10-D276232CDCEA): 17
LogDevObjectVersion:   Dev-ReflectionCapture (6B266CEC-1EC7-4B8F-A30B-E4D90942FC07): 1
LogDevObjectVersion:   Dev-Automation (0DF73D61-A23F-47EA-B727-89E90C41499A): 1
LogDevObjectVersion:   FortniteMain (601D1886-AC64-4F84-AA16-D3DE0DEAC7D6): 12
LogDevObjectVersion:   Dev-Enterprise (9DFFBCD6-494F-0158-E221-12823C92A888): 1
LogStreaming: Display: Took  0.000s to delete old logs.
LogInit: Presizing for max 8388607 objects, including 0 objects not considered by GC, pre-allocating 0 bytes for permanent pool.
LogInit: Object subsystem initialized
[2019.01.28-19.18.44:458][  0]LogInit: Selected Device Profile: [Windows]
[2019.01.28-19.18.44:458][  0]LogInit: Applying CVar settings loaded from the selected device profile: [Windows]
[2019.01.28-19.18.44:466][  0]LogHAL: Display: Platform has ~ 8 GB [8536240128 / 8589934592 / 8], which maps to Default [LargestMinGB=32, LargerMinGB=12, DefaultMinGB=8, SmallerMinGB=6, SmallestMinGB=0)
[2019.01.28-19.18.44:466][  0]LogInit: Setting Device Profile CVar: [[r.Vulkan.UseRealUBs:1]]
[2019.01.28-19.18.44:466][  0]LogInit: Going up to parent DeviceProfile []
[2019.01.28-19.18.44:466][  0]LogInit: Computer: MATTHISPRALAT
[2019.01.28-19.18.44:466][  0]LogInit: User: Matthispralat
[2019.01.28-19.18.44:466][  0]LogInit: CPU Page size=4096, Cores=4
[2019.01.28-19.18.44:466][  0]LogInit: High frequency timer resolution =3.906265 MHz
[2019.01.28-19.18.44:466][  0]LogMemory: Memory total: Physical=7.9GB (8GB approx)
[2019.01.28-19.18.44:466][  0]LogMemory: Platform Memory Stats for Windows
[2019.01.28-19.18.44:466][  0]LogMemory: Process Physical Memory: 100.38 MB used, 100.38 MB peak
[2019.01.28-19.18.44:466][  0]LogMemory: Process Virtual Memory: 91.14 MB used, 91.14 MB peak
[2019.01.28-19.18.44:467][  0]LogMemory: Physical Memory: 7090.70 MB used,  1050.10 MB free, 8140.79 MB total
[2019.01.28-19.18.44:467][  0]LogMemory: Virtual Memory: 4632.19 MB used,  1050.10 MB free, 134217728.00 MB total
[2019.01.28-19.18.44:491][  0]LogInit: Using OS detected language (fr-FR).
[2019.01.28-19.18.44:491][  0]LogInit: Using OS detected locale (fr-FR).
[2019.01.28-19.18.44:492][  0]LogTextLocalizationManager: No specific localization for 'fr-FR' exists, so the 'fr' localization will be used.
[2019.01.28-19.18.44:495][  0]LogStreaming: Display: Took  0.004s to InitEngineTextLocalization.
[2019.01.28-19.18.44:495][  0]LogInit: Setting process to per monitor DPI aware
[2019.01.28-19.18.44:533][  0]LogSlate: New Slate User Created.  User Index 0, Is Virtual User: 0
[2019.01.28-19.18.44:533][  0]LogSlate: Slate User Registered.  User Index 0, Is Virtual User: 0
[2019.01.28-19.18.44:807][  0]LogHMD: Failed to initialize OpenVR with code 126
[2019.01.28-19.18.44:807][  0]LogD3D11RHI: D3D11 adapters:
[2019.01.28-19.18.44:874][  0]LogD3D11RHI:    0. 'NVIDIA GeForce GTX 960' (Feature Level 11_0)
[2019.01.28-19.18.44:874][  0]LogD3D11RHI:       2007/0/4070 MB DedicatedVideo/DedicatedSystem/SharedSystem, Outputs:2, VendorId:0x10de
[2019.01.28-19.18.44:876][  0]LogD3D11RHI:    1. 'Microsoft Basic Render Driver' (Feature Level 11_0)
[2019.01.28-19.18.44:876][  0]LogD3D11RHI:       0/0/4070 MB DedicatedVideo/DedicatedSystem/SharedSystem, Outputs:0, VendorId:0x1414
[2019.01.28-19.18.44:876][  0]LogD3D11RHI: Chosen D3D11 Adapter: 0
[2019.01.28-19.18.44:886][  0]LogD3D11RHI: Creating new Direct3DDevice
[2019.01.28-19.18.44:886][  0]LogD3D11RHI:     GPU DeviceId: 0x1401 (for the marketing name, search the web for "GPU Device Id")
[2019.01.28-19.18.44:886][  0]LogWindows: EnumDisplayDevices:
[2019.01.28-19.18.44:887][  0]LogWindows:    0. 'NVIDIA GeForce GTX 960' (P:1 D:1)
[2019.01.28-19.18.44:887][  0]LogWindows:    1. 'NVIDIA GeForce GTX 960' (P:0 D:1)
[2019.01.28-19.18.44:888][  0]LogWindows:    2. 'NVIDIA GeForce GTX 960' (P:0 D:0)
[2019.01.28-19.18.44:888][  0]LogWindows:    3. 'NVIDIA GeForce GTX 960' (P:0 D:0)
[2019.01.28-19.18.44:888][  0]LogWindows: DebugString: FoundDriverCount:4 
[2019.01.28-19.18.44:888][  0]LogD3D11RHI:     Adapter Name: NVIDIA GeForce GTX 960
[2019.01.28-19.18.44:888][  0]LogD3D11RHI:   Driver Version: 390.77 (internal:23.21.13.9077, unified:390.77)
[2019.01.28-19.18.44:888][  0]LogD3D11RHI:      Driver Date: 1-23-2018
[2019.01.28-19.18.44:888][  0]LogRHI: Texture pool is 1405 MB (70% of 2007 MB)
[2019.01.28-19.18.44:926][  0]LogD3D11RHI: Async texture creation enabled
[2019.01.28-19.18.44:943][  0]LogD3D11RHI: GPU Timing Frequency: 1000.000000 (Debug: 2 2)
[2019.01.28-19.18.44:997][  0]LogShaderCompilers: Guid format shader working directory is -13 characters bigger than the processId version (../../../../Users/Matthis pralat/Documents/GitHub/Akenomia/Akenomia/Intermediate/Shaders/WorkingDirectory/16904/).
[2019.01.28-19.18.44:997][  0]LogShaderCompilers: Cleaned the shader compiler working directory 'C:/Users/Matthis pralat/AppData/Local/Temp/UnrealShaderWorkingDir/1D7521FA4D52F876BCCB71836D89D0D3/'.
[2019.01.28-19.18.45:314][  0]LogTemp: Display: Loaded TP AllDesktopTargetPlatform
[2019.01.28-19.18.45:329][  0]LogTemp: Display: Loaded TP MacClientTargetPlatform
[2019.01.28-19.18.45:343][  0]LogTemp: Display: Loaded TP MacNoEditorTargetPlatform
[2019.01.28-19.18.45:358][  0]LogTemp: Display: Loaded TP MacServerTargetPlatform
[2019.01.28-19.18.45:372][  0]LogTemp: Display: Loaded TP MacTargetPlatform
[2019.01.28-19.18.45:388][  0]LogTemp: Display: Loaded TP WindowsClientTargetPlatform
[2019.01.28-19.18.45:403][  0]LogTemp: Display: Loaded TP WindowsNoEditorTargetPlatform
[2019.01.28-19.18.45:418][  0]LogTemp: Display: Loaded TP WindowsServerTargetPlatform
[2019.01.28-19.18.45:426][  0]LogTemp: Display: Loaded TP WindowsTargetPlatform
[2019.01.28-19.18.45:502][  0]LogTemp: Display: Loaded TP AndroidTargetPlatform
[2019.01.28-19.18.45:502][  0]LogTemp: Display: Loaded TP AndroidTargetPlatform
[2019.01.28-19.18.45:502][  0]LogTemp: Display: Loaded TP AndroidTargetPlatform
[2019.01.28-19.18.45:502][  0]LogTemp: Display: Loaded TP AndroidTargetPlatform
[2019.01.28-19.18.45:502][  0]LogTemp: Display: Loaded TP AndroidTargetPlatform
[2019.01.28-19.18.45:502][  0]LogTemp: Display: Loaded TP AndroidTargetPlatform
[2019.01.28-19.18.45:502][  0]LogTemp: Display: Loaded TP AndroidTargetPlatform
[2019.01.28-19.18.45:502][  0]LogTemp: Display: Loaded TP AndroidTargetPlatform
[2019.01.28-19.18.45:502][  0]LogTemp: Display: Loaded TP AndroidTargetPlatform
[2019.01.28-19.18.45:502][  0]LogTemp: Display: Loaded TP AndroidTargetPlatform
[2019.01.28-19.18.45:502][  0]LogTemp: Display: Loaded TP AndroidTargetPlatform
[2019.01.28-19.18.45:502][  0]LogTemp: Display: Loaded TP AndroidTargetPlatform
[2019.01.28-19.18.45:502][  0]LogTemp: Display: Loaded TP AndroidTargetPlatform
[2019.01.28-19.18.45:502][  0]LogTemp: Display: Loaded TP AndroidTargetPlatform
[2019.01.28-19.18.45:502][  0]LogTemp: Display: Loaded TP AndroidTargetPlatform
[2019.01.28-19.18.45:502][  0]LogTemp: Display: Loaded TP AndroidTargetPlatform
[2019.01.28-19.18.45:502][  0]LogTemp: Display: Loaded TP AndroidTargetPlatform
[2019.01.28-19.18.45:502][  0]LogTemp: Display: Loaded TP AndroidTargetPlatform
[2019.01.28-19.18.45:504][  0]LogTemp: Display: Loaded TP HTML5TargetPlatform
[2019.01.28-19.18.45:564][  0]LogTemp: Display: Loaded TP IOSTargetPlatform
[2019.01.28-19.18.45:564][  0]LogTemp: Display: Loaded TP IOSTargetPlatform
[2019.01.28-19.18.45:586][  0]LogTemp: Display: Loaded TP TVOSTargetPlatform
[2019.01.28-19.18.45:586][  0]LogTemp: Display: Loaded TP TVOSTargetPlatform
[2019.01.28-19.18.45:597][  0]LogTemp: Display: Loaded TP LinuxClientTargetPlatform
[2019.01.28-19.18.45:609][  0]LogTemp: Display: Loaded TP LinuxNoEditorTargetPlatform
[2019.01.28-19.18.45:620][  0]LogTemp: Display: Loaded TP LinuxServerTargetPlatform
[2019.01.28-19.18.45:633][  0]LogTemp: Display: Loaded TP LinuxTargetPlatform
[2019.01.28-19.18.45:641][  0]LogTemp: Display: Loaded TP LuminTargetPlatform
[2019.01.28-19.18.45:642][  0]LogTargetPlatformManager: Display: Building Assets For Windows
[2019.01.28-19.18.45:734][  0]LogXGEController: Cannot use XGE Controller as Incredibuild is not installed on this machine.
[2019.01.28-19.18.45:734][  0]LogShaderCompilers: Cannot use XGE Shader Compiler as Incredibuild is not installed on this machine.
[2019.01.28-19.18.45:734][  0]LogShaderCompilers: Display: Using Local Shader Compiler.
[2019.01.28-19.18.46:427][  0]LogDerivedDataCache: Display: Max Cache Size: 512 MB
[2019.01.28-19.18.46:530][  0]LogDerivedDataCache: Loaded boot cache 0.10s 102MB C:/Users/Matthis pralat/AppData/Local/UnrealEngine/4.20/DerivedDataCache/Boot.ddc.
[2019.01.28-19.18.46:530][  0]LogDerivedDataCache: Display: Loaded Boot cache: C:/Users/Matthis pralat/AppData/Local/UnrealEngine/4.20/DerivedDataCache/Boot.ddc
[2019.01.28-19.18.46:530][  0]LogDerivedDataCache: FDerivedDataBackendGraph:  Pak pak cache file ../../../../Users/Matthis pralat/Documents/GitHub/Akenomia/Akenomia/DerivedDataCache/DDC.ddp not found, will not use a pak cache.
[2019.01.28-19.18.46:530][  0]LogDerivedDataCache: Unable to find inner node Pak for hierarchical cache Hierarchy.
[2019.01.28-19.18.46:530][  0]LogDerivedDataCache: FDerivedDataBackendGraph:  CompressedPak pak cache file ../../../../Users/Matthis pralat/Documents/GitHub/Akenomia/Akenomia/DerivedDataCache/Compressed.ddp not found, will not use a pak cache.
[2019.01.28-19.18.46:530][  0]LogDerivedDataCache: Unable to find inner node CompressedPak for hierarchical cache Hierarchy.
[2019.01.28-19.18.46:543][  0]LogDerivedDataCache: Display: Pak cache opened for reading ../../../Engine/DerivedDataCache/Compressed.ddp.
[2019.01.28-19.18.46:556][  0]LogDerivedDataCache: Using Local data cache path C:/Users/Matthis pralat/AppData/Local/UnrealEngine/Common/DerivedDataCache: Writable
[2019.01.28-19.18.46:556][  0]LogDerivedDataCache: Shared data cache path not found in *engine.ini, will not use an Shared cache.
[2019.01.28-19.18.46:556][  0]LogDerivedDataCache: Unable to find inner node Shared for hierarchical cache Hierarchy.
[2019.01.28-19.18.46:573][  0]LogMaterial: Verifying Global Shaders for PCD3D_SM5
[2019.01.28-19.18.46:576][  0]LogSlate: Using FreeType 2.6.0
[2019.01.28-19.18.46:577][  0]LogSlate: SlateFontServices - WITH_FREETYPE: 1, WITH_HARFBUZZ: 1
[2019.01.28-19.18.46:662][  0]LogAssetRegistry: FAssetRegistry took 0.0262 seconds to start up
[2019.01.28-19.18.46:976][  0]LogInit: Selected Device Profile: [Windows]
[2019.01.28-19.18.47:108][  0]LogSimplygon: Simplygon DLL not present - disabling.
[2019.01.28-19.18.47:113][  0]LogMeshReduction: Using SimplygonSwarm for distributed automatic mesh merging
[2019.01.28-19.18.47:113][  0]LogMeshReduction: Using ProxyLODMeshReduction for automatic mesh merging
[2019.01.28-19.18.47:113][  0]LogMeshReduction: Using QuadricMeshReduction for automatic static mesh reduction
[2019.01.28-19.18.47:113][  0]LogMeshReduction: No automatic skeletal mesh reduction module available
[2019.01.28-19.18.47:137][  0]LogNetVersion: Akenomia 1.0.0, NetCL: 4212847, EngineNetVer: 5, GameNetVer: 0 (Checksum: 2814967786)
[2019.01.28-19.18.47:629][  0]LogPackageLocalizationCache: Processed 13 localized package path(s) for 2 prioritized culture(s) in 0.111752 seconds
[2019.01.28-19.18.47:635][  0]LogUObjectArray: 38425 objects as part of root set at end of initial load.
[2019.01.28-19.18.47:635][  0]LogUObjectAllocator: 6690872 out of 0 bytes used by permanent object pool.
[2019.01.28-19.18.47:635][  0]LogUObjectArray: CloseDisregardForGC: 0/0 objects in disregard for GC pool
[2019.01.28-19.18.48:764][  0]LogTcpMessaging: Initializing TcpMessaging bridge
[2019.01.28-19.18.48:777][  0]LogUdpMessaging: Initializing bridge on interface 0.0.0.0:0 to multicast group 230.0.0.1:6666.
[2019.01.28-19.18.48:962][  0]SourceControl: Source control is disabled
[2019.01.28-19.18.48:962][  0]SourceControl: Source control is disabled
[2019.01.28-19.18.48:963][  0]SourceControl: Source control is disabled
[2019.01.28-19.18.48:964][  0]SourceControl: Source control is disabled
[2019.01.28-19.18.49:134][  0]LogAndroidPermission: UAndroidPermissionCallbackProxy::GetInstance
[2019.01.28-19.18.49:236][  0]LogOcInput: OculusInput pre-init called
[2019.01.28-19.18.51:491][  0]LogEngine: Initializing Engine...
[2019.01.28-19.18.51:522][  0]LogHMD: Failed to initialize OpenVR with code 126
[2019.01.28-19.18.51:523][  0]LogStats: UGameplayTagsManager::ConstructGameplayTagTree: ImportINI prefixes -  0.000 s
[2019.01.28-19.18.51:523][  0]LogStats: UGameplayTagsManager::ConstructGameplayTagTree: Construct from data asset -  0.000 s
[2019.01.28-19.18.51:523][  0]LogStats: UGameplayTagsManager::ConstructGameplayTagTree: ImportINI -  0.000 s
[2019.01.28-19.18.51:523][  0]LogStats: UGameplayTagsManager::ConstructGameplayTagTree: GameplayTagTreeChangedEvent.Broadcast -  0.000 s
[2019.01.28-19.18.51:716][  0]LogInit: Initializing FReadOnlyCVARCache
[2019.01.28-19.18.51:737][  0]LogAIModule: Creating AISystem for world Untitled
[2019.01.28-19.18.51:769][  0]LogInit: XAudio2 using 'Haut-parleurs (Realtek High Definition Audio)' : 2 channels at 48 kHz using 32 bits per sample (channel mask 0x3)
[2019.01.28-19.18.51:803][  0]LogInit: FAudioDevice initialized.
[2019.01.28-19.18.51:804][  0]LogNetVersion: Set ProjectVersion to 1.0.0.0. Version Checksum will be recalculated on next use.
[2019.01.28-19.18.51:903][  0]LogDerivedDataCache: Saved boot cache 0.10s 73MB C:/Users/Matthis pralat/AppData/Local/UnrealEngine/4.20/DerivedDataCache/Boot.ddc.
[2019.01.28-19.18.51:904][  0]LogInit: Texture streaming: Enabled
[2019.01.28-19.18.51:933][  0]LogEngineSessionManager: EngineSessionManager initialized
[2019.01.28-19.18.51:956][  0]LogInit: Transaction tracking system initialized
[2019.01.28-19.18.51:997][  0]BlueprintLog: New page: Editor Load
[2019.01.28-19.18.52:114][  0]LocalizationService: Localization service is disabled
[2019.01.28-19.18.52:183][  0]LogLinker: Warning: Can't find file '/Game/BaseUE/FirstPersonBP/FirstPersonOverview'
[2019.01.28-19.18.52:183][  0]LogLinker: Warning: Can't find file '/Game/BaseUE/FirstPersonBP/FirstPersonOverview'
[2019.01.28-19.18.52:183][  0]LogUObjectGlobals: Warning: Failed to find object 'Class /Game/BaseUE/FirstPersonBP/FirstPersonOverview.FirstPersonOverview_C'
[2019.01.28-19.18.52:188][  0]LogLinker: Warning: Can't find file '/Game/BaseUE/FirstPersonBP/Testing'
[2019.01.28-19.18.52:188][  0]LogLinker: Warning: Can't find file '/Game/BaseUE/FirstPersonBP/Testing'
[2019.01.28-19.18.52:188][  0]LogUObjectGlobals: Warning: Failed to find object 'Class /Game/BaseUE/FirstPersonBP/Testing.Testing_C'
[2019.01.28-19.18.52:188][  0]LogLinker: Warning: Can't find file '/Game/Project_Learning/Doc_HelpElement'
[2019.01.28-19.18.52:188][  0]LogLinker: Warning: Can't find file '/Game/Project_Learning/Doc_HelpElement'
[2019.01.28-19.18.52:188][  0]LogUObjectGlobals: Warning: Failed to find object 'Class /Game/Project_Learning/Doc_HelpElement.Doc_HelpElement_C'
[2019.01.28-19.18.52:397][  0]LogCook: Display: Max memory allowance for cook 16384mb min free memory 0mb
[2019.01.28-19.18.52:397][  0]LogCook: Display: Mobile HDR setting 1
[2019.01.28-19.18.52:397][  0]LogGameplayTags: Display: UGameplayTagsManager::DoneAddingNativeTags. DelegateIsBound: 0
[2019.01.28-19.18.52:397][  0]LogStats: UGameplayTagsManager::ConstructGameplayTagTree: ImportINI prefixes -  0.000 s
[2019.01.28-19.18.52:397][  0]LogStats: UGameplayTagsManager::ConstructGameplayTagTree: Construct from data asset -  0.000 s
[2019.01.28-19.18.52:397][  0]LogStats: UGameplayTagsManager::ConstructGameplayTagTree: ImportINI -  0.000 s
[2019.01.28-19.18.52:397][  0]LogStats: UGameplayTagsManager::ConstructGameplayTagTree: GameplayTagTreeChangedEvent.Broadcast -  0.000 s
[2019.01.28-19.18.52:512][  0]LogFileCache: Scanning file cache for directory 'B:/Users/Matthis pralat/Documents/GitHub/Akenomia/Akenomia/Content/' took 0.02s
[2019.01.28-19.18.54:000][  0]SourceControl: Source control is disabled
[2019.01.28-19.18.54:000][  0]Cmd: MAP LOAD FILE="../../../../Users/Matthis pralat/Documents/GitHub/Akenomia/Akenomia/Content/VirtualRealityBP/Maps/StartupMap.umap" TEMPLATE=0 SHOWPROGRESS=1 FEATURELEVEL=3
[2019.01.28-19.18.54:000][  0]LightingResults: New page: Lighting Build
[2019.01.28-19.18.54:005][  0]MapCheck: New page: Map Check
[2019.01.28-19.18.54:005][  0]LightingResults: New page: Lighting Build
[2019.01.28-19.18.54:111][  0]LogAIModule: Creating AISystem for world StartupMap
[2019.01.28-19.18.54:118][  0]LogEditorServer: Finished looking for orphan Actors (0.000 secs)
[2019.01.28-19.18.54:135][  0]Cmd: MAP CHECKDEP NOCLEARLOG
[2019.01.28-19.18.54:232][  0]MapCheck: Map check complete: 0 Error(s), 0 Warning(s), took 97,349ms to complete.
[2019.01.28-19.18.54:233][  0]LogFileHelpers: Loading map 'StartupMap' took 0.233
[2019.01.28-19.18.54:617][  0]LogD3D11RHI: Error: D3DDevice failed CreateBuffer VB with ByteWidth=4194304, BindFlags=0x89 Usage=0, CPUAccess=0x0, MiscFlags=0x0
[2019.01.28-19.18.54:617][  0]LogD3D11RHI: Error: Result failed 
 at D:\Build\++UE4\Sync\Engine\Source\Runtime\Windows\D3D11RHI\Private\D3D11VertexBuffer.cpp:83 
 with error E_OUTOFMEMORY
[2019.01.28-19.19.18:014][  0]LogConsoleResponse: 
[2019.01.28-19.19.18:014][  0]LogConsoleResponse: Pool: 0/0 MB (referenced/allocated)
[2019.01.28-19.19.18:014][  0]Cmd: rhi.DumpMemory
[2019.01.28-19.19.18:016][  0]RHI resource memory (not tracked by our allocator)
[2019.01.28-19.19.18:017][  0]               0  -  Uniform buffer memory - STAT_UniformBufferMemory - STATGROUP_RHI - STATCAT_Advanced
[2019.01.28-19.19.18:017][  0]               0  -  Texture memory 3D - STAT_TextureMemory3D - STATGROUP_RHI - STATCAT_Advanced
[2019.01.28-19.19.18:017][  0]               0  -  Texture memory 2D - STAT_TextureMemory2D - STATGROUP_RHI - STATCAT_Advanced
[2019.01.28-19.19.18:017][  0]               0  -  Texture memory Cube - STAT_TextureMemoryCube - STATGROUP_RHI - STATCAT_Advanced
[2019.01.28-19.19.18:017][  0]               0  -  Render target memory 2D - STAT_RenderTargetMemory2D - STATGROUP_RHI - STATCAT_Advanced
[2019.01.28-19.19.18:017][  0]               0  -  Vertex buffer memory - STAT_VertexBufferMemory - STATGROUP_RHI - STATCAT_Advanced
[2019.01.28-19.19.18:017][  0]               0  -  Index buffer memory - STAT_IndexBufferMemory - STATGROUP_RHI - STATCAT_Advanced
[2019.01.28-19.19.18:017][  0]0.000MB total
[2019.01.28-19.19.18:017][  0]LogWindows: FPlatformMisc::RequestExit(1)
[2019.01.28-19.19.18:023][  0]Log file closed, 01/28/19 20:19:18
