Log file open, 01/29/19 17:45:27
LogWindows: Failed to load 'aqProf.dll' (GetLastError=126)
LogWindows: File 'aqProf.dll' does not exist
LogWindows: Failed to load 'VtuneApi.dll' (GetLastError=126)
LogWindows: File 'VtuneApi.dll' does not exist
LogWindows: Failed to load 'VtuneApi32e.dll' (GetLastError=126)
LogWindows: File 'VtuneApi32e.dll' does not exist
LogConsoleResponse: Display: Failed to find resolution value strings in scalability ini. Falling back to default.
LogInit: Display: Running engine for game: Akenomia
LogPakFile: Registered encryption key '00000000000000000000000000000000': 0 pak files mounted, 0 remain pending
LogPlatformFile: Not using cached read wrapper
LogTaskGraph: Started task graph with 5 named threads and 23 total threads with 3 sets of task threads.
LogStats: Stats thread started at 0.300092
LogD3D11RHI: Loaded GFSDK_Aftermath_Lib.x64.dll
LogICUInternationalization: ICU TimeZone Detection - Raw Offset: +1:00, Platform Override: ''
LogPluginManager: Mounting plugin Paper2D
LogPluginManager: Mounting plugin AISupport
LogPluginManager: Mounting plugin LightPropagationVolume
LogPluginManager: Mounting plugin ActorLayerUtilities
LogPluginManager: Mounting plugin CLionSourceCodeAccess
LogPluginManager: Mounting plugin CodeLiteSourceCodeAccess
LogPluginManager: Mounting plugin GitSourceControl
LogPluginManager: Mounting plugin KDevelopSourceCodeAccess
LogPluginManager: Mounting plugin NullSourceCodeAccess
LogPluginManager: Mounting plugin PerforceSourceControl
LogPluginManager: Mounting plugin SubversionSourceControl
LogPluginManager: Mounting plugin UObjectPlugin
LogPluginManager: Mounting plugin VisualStudioCodeSourceCodeAccess
LogPluginManager: Mounting plugin VisualStudioSourceCodeAccess
LogPluginManager: Mounting plugin XCodeSourceCodeAccess
LogPluginManager: Mounting plugin AssetManagerEditor
LogPluginManager: Mounting plugin CryptoKeys
LogPluginManager: Mounting plugin DataValidation
LogPluginManager: Mounting plugin EditorScriptingUtilities
LogPluginManager: Mounting plugin FacialAnimation
LogPluginManager: Mounting plugin GameplayTagsEditor
LogPluginManager: Mounting plugin MacGraphicsSwitching
LogPluginManager: Mounting plugin MeshEditor
LogPluginManager: Mounting plugin MobileLauncherProfileWizard
LogPluginManager: Mounting plugin PluginBrowser
LogPluginManager: Mounting plugin SpeedTreeImporter
LogPluginManager: Mounting plugin DatasmithContent
LogPluginManager: Mounting plugin VariantManagerContent
LogPluginManager: Mounting plugin AlembicImporter
LogPluginManager: Mounting plugin AppleImageUtils
LogPluginManager: Mounting plugin AppleVision
LogPluginManager: Mounting plugin BackChannel
LogPluginManager: Mounting plugin CharacterAI
LogPluginManager: Mounting plugin GeometryCache
LogPluginManager: Mounting plugin HTML5Networking
LogPluginManager: Mounting plugin ProxyLODPlugin
LogPluginManager: Mounting plugin MagicLeap
LogPluginManager: Mounting plugin MagicLeapMedia
LogPluginManager: Mounting plugin AndroidMedia
LogPluginManager: Mounting plugin AvfMedia
LogPluginManager: Mounting plugin ImgMedia
LogPluginManager: Mounting plugin LinearTimecode
LogPluginManager: Mounting plugin MediaCompositing
LogPluginManager: Mounting plugin MediaPlayerEditor
LogPluginManager: Mounting plugin WebMMedia
LogPluginManager: Mounting plugin WmfMedia
LogPluginManager: Mounting plugin TcpMessaging
LogPluginManager: Mounting plugin UdpMessaging
LogPluginManager: Mounting plugin ActorSequence
LogPluginManager: Mounting plugin LevelSequenceEditor
LogPluginManager: Mounting plugin MatineeToLevelSequence
LogPluginManager: Mounting plugin NetcodeUnitTest
LogPluginManager: Mounting plugin NUTUnrealEngine4
LogPluginManager: Mounting plugin OnlineSubsystemGooglePlay
LogPluginManager: Mounting plugin OnlineSubsystemIOS
LogPluginManager: Mounting plugin OnlineSubsystem
LogPluginManager: Mounting plugin OnlineSubsystemNull
LogPluginManager: Mounting plugin OnlineSubsystemUtils
LogPluginManager: Mounting plugin LauncherChunkInstaller
LogPluginManager: Mounting plugin AndroidDeviceProfileSelector
LogPluginManager: Mounting plugin AndroidMoviePlayer
LogPluginManager: Mounting plugin AndroidPermission
LogPluginManager: Mounting plugin AppleMoviePlayer
LogPluginManager: Mounting plugin ArchVisCharacter
LogPluginManager: Mounting plugin AudioCapture
LogPluginManager: Mounting plugin CableComponent
LogPluginManager: Mounting plugin CustomMeshComponent
LogPluginManager: Mounting plugin EditableMesh
LogPluginManager: Mounting plugin ExampleDeviceProfileSelector
LogPluginManager: Mounting plugin Firebase
LogPluginManager: Mounting plugin GoogleCloudMessaging
LogPluginManager: Mounting plugin IOSDeviceProfileSelector
LogPluginManager: Mounting plugin LinuxDeviceProfileSelector
LogPluginManager: Mounting plugin LocationServicesBPLibrary
LogPluginManager: Mounting plugin MobilePatchingUtils
LogPluginManager: Mounting plugin OculusVR
LogPluginManager: Mounting plugin PhysXVehicles
LogPluginManager: Mounting plugin ProceduralMeshComponent
LogPluginManager: Mounting plugin RuntimePhysXCooking
LogPluginManager: Mounting plugin SteamVR
LogPluginManager: Mounting plugin WebMMoviePlayer
LogPluginManager: Mounting plugin WindowsMoviePlayer
LogPluginManager: Mounting plugin DatasmithCADImporter
LogPluginManager: Mounting plugin DatasmithFBXImporter
LogPluginManager: Mounting plugin DatasmithImporter
LogPluginManager: Mounting plugin MDLImporter
LogPluginManager: Mounting plugin StaticMeshEditorExtension
LogPluginManager: Mounting plugin VariantManager
LogStreaming: Display: Took  0.127s to configure plugins.
LogInit: Using libcurl 7.55.1-DEV
LogInit:  - built for x86_64-pc-win32
LogInit:  - supports SSL with OpenSSL/1.0.2h
LogInit:  - supports HTTP deflate (compression) using libz 1.2.8
LogInit:  - other features:
LogInit:      CURL_VERSION_SSL
LogInit:      CURL_VERSION_LIBZ
LogInit:      CURL_VERSION_IPV6
LogInit:      CURL_VERSION_ASYNCHDNS
LogInit:      CURL_VERSION_LARGEFILE
LogInit:      CURL_VERSION_IDN
LogInit:  CurlRequestOptions (configurable via config and command line):
LogInit:  - bVerifyPeer = true  - Libcurl will verify peer certificate
LogInit:  - bUseHttpProxy = false  - Libcurl will NOT use HTTP proxy
LogInit:  - bDontReuseConnections = false  - Libcurl will reuse connections
LogInit:  - MaxHostConnections = 16  - Libcurl will limit the number of connections to a host
LogInit:  - LocalHostAddr = Default
LogInit:  - BufferSize = 65536
LogInit: WinSock: version 1.1 (2.2), MaxSocks=32767, MaxUdp=65467
LogInit: Build: ++UE4+Release-4.21-CL-4753647
LogInit: Engine Version: 4.21.2-4753647+++UE4+Release-4.21
LogInit: Compatible Engine Version: 4.21.0-4541578+++UE4+Release-4.21
LogInit: Net CL: 4541578
LogInit: OS: Windows 10 (), CPU: Intel(R) Core(TM) i7-6700 CPU @ 3.40GHz, GPU: NVIDIA GeForce GTX 970
LogInit: Compiled (64-bit): Jan 19 2019 02:07:31
LogInit: Compiled with Visual C++: 19.13.26129.00
LogInit: Build Configuration: Development
LogInit: Branch Name: ++UE4+Release-4.21
LogInit: Command Line: 
LogInit: Base Directory: E:/Program Files/Epic Games/UE_4.21/Engine/Binaries/Win64/
LogInit: Installed Engine Build: 1
LogDevObjectVersion: Number of dev versions registered: 22
LogDevObjectVersion:   Dev-Blueprints (B0D832E4-1F89-4F0D-ACCF-7EB736FD4AA2): 10
LogDevObjectVersion:   Dev-Build (E1C64328-A22C-4D53-A36C-8E866417BD8C): 0
LogDevObjectVersion:   Dev-Core (375EC13C-06E4-48FB-B500-84F0262A717E): 2
LogDevObjectVersion:   Dev-Editor (E4B068ED-F494-42E9-A231-DA0B2E46BB41): 26
LogDevObjectVersion:   Dev-Framework (CFFC743F-43B0-4480-9391-14DF171D2073): 34
LogDevObjectVersion:   Dev-Mobile (B02B49B5-BB20-44E9-A304-32B752E40360): 2
LogDevObjectVersion:   Dev-Networking (A4E4105C-59A1-49B5-A7C5-40C4547EDFEE): 0
LogDevObjectVersion:   Dev-Online (39C831C9-5AE6-47DC-9A44-9C173E1C8E7C): 0
LogDevObjectVersion:   Dev-Physics (78F01B33-EBEA-4F98-B9B4-84EACCB95AA2): 0
LogDevObjectVersion:   Dev-Platform (6631380F-2D4D-43E0-8009-CF276956A95A): 0
LogDevObjectVersion:   Dev-Rendering (12F88B9F-8875-4AFC-A67C-D90C383ABD29): 27
LogDevObjectVersion:   Dev-Sequencer (7B5AE74C-D270-4C10-A958-57980B212A5A): 9
LogDevObjectVersion:   Dev-VR (D7296918-1DD6-4BDD-9DE2-64A83CC13884): 2
LogDevObjectVersion:   Dev-LoadTimes (C2A15278-BFE7-4AFE-6C17-90FF531DF755): 1
LogDevObjectVersion:   Private-Geometry (6EACA3D4-40EC-4CC1-B786-8BED09428FC5): 3
LogDevObjectVersion:   Dev-AnimPhys (29E575DD-E0A3-4627-9D10-D276232CDCEA): 17
LogDevObjectVersion:   Dev-Anim (AF43A65D-7FD3-4947-9873-3E8ED9C1BB05): 2
LogDevObjectVersion:   Dev-ReflectionCapture (6B266CEC-1EC7-4B8F-A30B-E4D90942FC07): 1
LogDevObjectVersion:   Dev-Automation (0DF73D61-A23F-47EA-B727-89E90C41499A): 1
LogDevObjectVersion:   FortniteMain (601D1886-AC64-4F84-AA16-D3DE0DEAC7D6): 17
LogDevObjectVersion:   Dev-Enterprise (9DFFBCD6-494F-0158-E221-12823C92A888): 4
LogDevObjectVersion:   Dev-Niagara (F2AED0AC-9AFE-416F-8664-AA7FFA26D6FC): 1
LogStreaming: Display: Took  0.001s to delete old logs.
LogInit: Presizing for max 8388607 objects, including 0 objects not considered by GC, pre-allocating 0 bytes for permanent pool.
LogInit: Object subsystem initialized
LogConfig: Setting CVar [[con.DebugEarlyDefault:1]]
LogConfig: Setting CVar [[r.setres:1280x720]]
[2019.01.29-16.45.27:402][  0]LogConfig: Setting CVar [[r.VSync:0]]
[2019.01.29-16.45.27:402][  0]LogConfig: Setting CVar [[r.RHICmdBypass:0]]
[2019.01.29-16.45.27:402][  0]LogConfig: Applying CVar settings from Section [/Script/Engine.RendererSettings] File [E:/Users/user/Documents/01-Projects_UE/Akenomia/Saved/Config/Windows/Engine.ini]
[2019.01.29-16.45.27:403][  0]LogConfig: Setting CVar [[r.GPUCrashDebugging:0]]
[2019.01.29-16.45.27:403][  0]LogConfig: Setting CVar [[r.DefaultFeature.AmbientOcclusion:0]]
[2019.01.29-16.45.27:403][  0]LogConfig: Setting CVar [[r.DefaultFeature.AmbientOcclusionStaticFraction:0]]
[2019.01.29-16.45.27:403][  0]LogConfig: Setting CVar [[vr.InstancedStereo:1]]
[2019.01.29-16.45.27:403][  0]LogConfig: Setting CVar [[r.SeparateTranslucency:0]]
[2019.01.29-16.45.27:403][  0]LogConfig: Setting CVar [[r.HZBOcclusion:0]]
[2019.01.29-16.45.27:403][  0]LogConfig: Setting CVar [[r.SSR.MaxRoughness:0]]
[2019.01.29-16.45.27:403][  0]LogConfig: Setting CVar [[r.rhicmdbypass:0]]
[2019.01.29-16.45.27:403][  0]LogConfig: Applying CVar settings from Section [/Script/Engine.RendererOverrideSettings] File [E:/Users/user/Documents/01-Projects_UE/Akenomia/Saved/Config/Windows/Engine.ini]
[2019.01.29-16.45.27:403][  0]LogConfig: Applying CVar settings from Section [/Script/Engine.StreamingSettings] File [E:/Users/user/Documents/01-Projects_UE/Akenomia/Saved/Config/Windows/Engine.ini]
[2019.01.29-16.45.27:403][  0]LogConfig: Setting CVar [[s.MinBulkDataSizeForAsyncLoading:131072]]
[2019.01.29-16.45.27:403][  0]LogConfig: Setting CVar [[s.AsyncLoadingThreadEnabled:0]]
[2019.01.29-16.45.27:403][  0]LogConfig: Setting CVar [[s.EventDrivenLoaderEnabled:1]]
[2019.01.29-16.45.27:403][  0]LogConfig: Setting CVar [[s.WarnIfTimeLimitExceeded:0]]
[2019.01.29-16.45.27:403][  0]LogConfig: Setting CVar [[s.TimeLimitExceededMultiplier:1.5]]
[2019.01.29-16.45.27:403][  0]LogConfig: Setting CVar [[s.TimeLimitExceededMinTime:0.005]]
[2019.01.29-16.45.27:403][  0]LogConfig: Setting CVar [[s.UseBackgroundLevelStreaming:1]]
[2019.01.29-16.45.27:403][  0]LogConfig: Setting CVar [[s.PriorityAsyncLoadingExtraTime:15.0]]
[2019.01.29-16.45.27:403][  0]LogConfig: Setting CVar [[s.LevelStreamingActorsUpdateTimeLimit:5.0]]
[2019.01.29-16.45.27:403][  0]LogConfig: Setting CVar [[s.PriorityLevelStreamingActorsUpdateExtraTime:5.0]]
[2019.01.29-16.45.27:403][  0]LogConfig: Setting CVar [[s.LevelStreamingComponentsRegistrationGranularity:10]]
[2019.01.29-16.45.27:403][  0]LogConfig: Setting CVar [[s.UnregisterComponentsTimeLimit:1.0]]
[2019.01.29-16.45.27:403][  0]LogConfig: Setting CVar [[s.LevelStreamingComponentsUnregistrationGranularity:5]]
[2019.01.29-16.45.27:403][  0]LogConfig: Applying CVar settings from Section [/Script/Engine.GarbageCollectionSettings] File [E:/Users/user/Documents/01-Projects_UE/Akenomia/Saved/Config/Windows/Engine.ini]
[2019.01.29-16.45.27:403][  0]LogConfig: Setting CVar [[gc.MaxObjectsNotConsideredByGC:1]]
[2019.01.29-16.45.27:403][  0]LogConfig: Setting CVar [[gc.SizeOfPermanentObjectPool:0]]
[2019.01.29-16.45.27:403][  0]LogConfig: Setting CVar [[gc.FlushStreamingOnGC:0]]
[2019.01.29-16.45.27:403][  0]LogConfig: Setting CVar [[gc.NumRetriesBeforeForcingGC:10]]
[2019.01.29-16.45.27:403][  0]LogConfig: Setting CVar [[gc.AllowParallelGC:1]]
[2019.01.29-16.45.27:403][  0]LogConfig: Setting CVar [[gc.TimeBetweenPurgingPendingKillObjects:61.1]]
[2019.01.29-16.45.27:403][  0]LogConfig: Setting CVar [[gc.MaxObjectsInEditor:8388607]]
[2019.01.29-16.45.27:403][  0]LogConfig: Setting CVar [[gc.IncrementalBeginDestroyEnabled:1]]
[2019.01.29-16.45.27:403][  0]LogConfig: Setting CVar [[gc.CreateGCClusters:1]]
[2019.01.29-16.45.27:403][  0]LogConfig: Setting CVar [[gc.MergeGCClusters:0]]
[2019.01.29-16.45.27:403][  0]LogConfig: Setting CVar [[gc.MinGCClusterSize:5]]
[2019.01.29-16.45.27:403][  0]LogConfig: Setting CVar [[gc.ActorClusteringEnabled:0]]
[2019.01.29-16.45.27:403][  0]LogConfig: Setting CVar [[gc.BlueprintClusteringEnabled:0]]
[2019.01.29-16.45.27:403][  0]LogConfig: Setting CVar [[gc.UseDisregardForGCOnDedicatedServers:0]]
[2019.01.29-16.45.27:403][  0]LogConfig: Applying CVar settings from Section [/Script/Engine.NetworkSettings] File [E:/Users/user/Documents/01-Projects_UE/Akenomia/Saved/Config/Windows/Engine.ini]
[2019.01.29-16.45.27:403][  0]LogConfig: Applying CVar settings from Section [/Script/UnrealEd.CookerSettings] File [E:/Users/user/Documents/01-Projects_UE/Akenomia/Saved/Config/Windows/Engine.ini]
[2019.01.29-16.45.27:412][  0]LogConfig: Applying CVar settings from Section [ViewDistanceQuality@3] File [E:/Users/user/Documents/01-Projects_UE/Akenomia/Saved/Config/Windows/Scalability.ini]
[2019.01.29-16.45.27:413][  0]LogConfig: Setting CVar [[r.SkeletalMeshLODBias:0]]
[2019.01.29-16.45.27:413][  0]LogConfig: Setting CVar [[r.ViewDistanceScale:1.0]]
[2019.01.29-16.45.27:413][  0]LogConfig: Applying CVar settings from Section [AntiAliasingQuality@3] File [E:/Users/user/Documents/01-Projects_UE/Akenomia/Saved/Config/Windows/Scalability.ini]
[2019.01.29-16.45.27:413][  0]LogConfig: Setting CVar [[r.PostProcessAAQuality:3]]
[2019.01.29-16.45.27:413][  0]LogConfig: Applying CVar settings from Section [ShadowQuality@3] File [E:/Users/user/Documents/01-Projects_UE/Akenomia/Saved/Config/Windows/Scalability.ini]
[2019.01.29-16.45.27:413][  0]LogConfig: Setting CVar [[r.LightFunctionQuality:1]]
[2019.01.29-16.45.27:413][  0]LogConfig: Setting CVar [[r.ShadowQuality:5]]
[2019.01.29-16.45.27:413][  0]LogConfig: Setting CVar [[r.Shadow.CSM.MaxCascades:10]]
[2019.01.29-16.45.27:413][  0]LogConfig: Setting CVar [[r.Shadow.MaxResolution:2048]]
[2019.01.29-16.45.27:413][  0]LogConfig: Setting CVar [[r.Shadow.MaxCSMResolution:2048]]
[2019.01.29-16.45.27:413][  0]LogConfig: Setting CVar [[r.Shadow.RadiusThreshold:0.01]]
[2019.01.29-16.45.27:413][  0]LogConfig: Setting CVar [[r.Shadow.DistanceScale:1.0]]
[2019.01.29-16.45.27:413][  0]LogConfig: Setting CVar [[r.Shadow.CSM.TransitionScale:1.0]]
[2019.01.29-16.45.27:413][  0]LogConfig: Setting CVar [[r.Shadow.PreShadowResolutionFactor:1.0]]
[2019.01.29-16.45.27:413][  0]LogConfig: Setting CVar [[r.DistanceFieldShadowing:1]]
[2019.01.29-16.45.27:413][  0]LogConfig: Setting CVar [[r.DistanceFieldAO:1]]
[2019.01.29-16.45.27:413][  0]LogConfig: Setting CVar [[r.AOQuality:2]]
[2019.01.29-16.45.27:413][  0]LogConfig: Setting CVar [[r.VolumetricFog:1]]
[2019.01.29-16.45.27:413][  0]LogConfig: Setting CVar [[r.VolumetricFog.GridPixelSize:8]]
[2019.01.29-16.45.27:413][  0]LogConfig: Setting CVar [[r.VolumetricFog.GridSizeZ:128]]
[2019.01.29-16.45.27:413][  0]LogConfig: Setting CVar [[r.VolumetricFog.HistoryMissSupersampleCount:4]]
[2019.01.29-16.45.27:413][  0]LogConfig: Setting CVar [[r.LightMaxDrawDistanceScale:1]]
[2019.01.29-16.45.27:413][  0]LogConfig: Setting CVar [[r.CapsuleShadows:1]]
[2019.01.29-16.45.27:413][  0]LogConfig: Applying CVar settings from Section [PostProcessQuality@3] File [E:/Users/user/Documents/01-Projects_UE/Akenomia/Saved/Config/Windows/Scalability.ini]
[2019.01.29-16.45.27:413][  0]LogConfig: Setting CVar [[r.MotionBlurQuality:0]]
[2019.01.29-16.45.27:413][  0]LogConfig: Setting CVar [[r.AmbientOcclusionMipLevelFactor:0.4]]
[2019.01.29-16.45.27:413][  0]LogConfig: Setting CVar [[r.AmbientOcclusionMaxQuality:100]]
[2019.01.29-16.45.27:413][  0]LogConfig: Setting CVar [[r.AmbientOcclusionLevels:0]]
[2019.01.29-16.45.27:413][  0]LogConfig: Setting CVar [[r.AmbientOcclusionRadiusScale:1.0]]
[2019.01.29-16.45.27:413][  0]LogConfig: Setting CVar [[r.DepthOfFieldQuality:0]]
[2019.01.29-16.45.27:413][  0]LogConfig: Setting CVar [[r.RenderTargetPoolMin:400]]
[2019.01.29-16.45.27:413][  0]LogConfig: Setting CVar [[r.LensFlareQuality:0]]
[2019.01.29-16.45.27:413][  0]LogConfig: Setting CVar [[r.SceneColorFringeQuality:0]]
[2019.01.29-16.45.27:413][  0]LogConfig: Setting CVar [[r.EyeAdaptationQuality:2]]
[2019.01.29-16.45.27:413][  0]LogConfig: Setting CVar [[r.BloomQuality:1]]
[2019.01.29-16.45.27:413][  0]LogConfig: Setting CVar [[r.FastBlurThreshold:0]]
[2019.01.29-16.45.27:413][  0]LogConfig: Setting CVar [[r.Upscale.Quality:3]]
[2019.01.29-16.45.27:413][  0]LogConfig: Setting CVar [[r.Tonemapper.GrainQuantization:1]]
[2019.01.29-16.45.27:413][  0]LogConfig: Setting CVar [[r.LightShaftQuality:1]]
[2019.01.29-16.45.27:413][  0]LogConfig: Setting CVar [[r.Filter.SizeScale:1]]
[2019.01.29-16.45.27:413][  0]LogConfig: Setting CVar [[r.Tonemapper.Quality:5]]
[2019.01.29-16.45.27:413][  0]LogConfig: Setting CVar [[r.DOF.Gather.AccumulatorQuality:1        ; higher gathering accumulator quality]]
[2019.01.29-16.45.27:413][  0]LogConfig: Setting CVar [[r.DOF.Gather.PostfilterMethod:1          ; Median3x3 postfilering method]]
[2019.01.29-16.45.27:413][  0]LogConfig: Setting CVar [[r.DOF.Gather.EnableBokehSettings:0       ; no bokeh simulation when gathering]]
[2019.01.29-16.45.27:413][  0]LogConfig: Setting CVar [[r.DOF.Gather.RingCount:4                 ; medium number of samples when gathering]]
[2019.01.29-16.45.27:413][  0]LogConfig: Setting CVar [[r.DOF.Scatter.ForegroundCompositing:1    ; additive foreground scattering]]
[2019.01.29-16.45.27:413][  0]LogConfig: Setting CVar [[r.DOF.Scatter.BackgroundCompositing:2    ; additive background scattering]]
[2019.01.29-16.45.27:413][  0]LogConfig: Setting CVar [[r.DOF.Scatter.EnableBokehSettings:1      ; bokeh simulation when scattering]]
[2019.01.29-16.45.27:413][  0]LogConfig: Setting CVar [[r.DOF.Scatter.MaxSpriteRatio:0.1         ; only a maximum of 10% of scattered bokeh]]
[2019.01.29-16.45.27:413][  0]LogConfig: Setting CVar [[r.DOF.Recombine.Quality:1                ; cheap slight out of focus]]
[2019.01.29-16.45.27:413][  0]LogConfig: Setting CVar [[r.DOF.Recombine.EnableBokehSettings:0    ; no bokeh simulation on slight out of focus]]
[2019.01.29-16.45.27:413][  0]LogConfig: Setting CVar [[r.DOF.TemporalAAQuality:1                ; more stable temporal accumulation]]
[2019.01.29-16.45.27:414][  0]LogConfig: Setting CVar [[r.DOF.Kernel.MaxForegroundRadius:0.025]]
[2019.01.29-16.45.27:414][  0]LogConfig: Setting CVar [[r.DOF.Kernel.MaxBackgroundRadius:0.025]]
[2019.01.29-16.45.27:414][  0]LogConfig: Applying CVar settings from Section [TextureQuality@3] File [E:/Users/user/Documents/01-Projects_UE/Akenomia/Saved/Config/Windows/Scalability.ini]
[2019.01.29-16.45.27:414][  0]LogConfig: Setting CVar [[r.Streaming.MipBias:0]]
[2019.01.29-16.45.27:414][  0]LogConfig: Setting CVar [[r.Streaming.AmortizeCPUToGPUCopy:0]]
[2019.01.29-16.45.27:414][  0]LogConfig: Setting CVar [[r.Streaming.MaxNumTexturesToStreamPerFrame:0]]
[2019.01.29-16.45.27:414][  0]LogConfig: Setting CVar [[r.Streaming.Boost:1]]
[2019.01.29-16.45.27:414][  0]LogConfig: Setting CVar [[r.MaxAnisotropy:8]]
[2019.01.29-16.45.27:414][  0]LogConfig: Setting CVar [[r.Streaming.LimitPoolSizeToVRAM:0]]
[2019.01.29-16.45.27:414][  0]LogConfig: Setting CVar [[r.Streaming.PoolSize:1000]]
[2019.01.29-16.45.27:414][  0]LogConfig: Setting CVar [[r.Streaming.MaxEffectiveScreenSize:0]]
[2019.01.29-16.45.27:414][  0]LogConfig: Applying CVar settings from Section [EffectsQuality@3] File [E:/Users/user/Documents/01-Projects_UE/Akenomia/Saved/Config/Windows/Scalability.ini]
[2019.01.29-16.45.27:414][  0]LogConfig: Setting CVar [[r.TranslucencyLightingVolumeDim:4]]
[2019.01.29-16.45.27:414][  0]LogConfig: Setting CVar [[r.RefractionQuality:2]]
[2019.01.29-16.45.27:414][  0]LogConfig: Setting CVar [[r.SSR.Quality:0]]
[2019.01.29-16.45.27:414][  0]LogConfig: Setting CVar [[r.SceneColorFormat:2]]
[2019.01.29-16.45.27:414][  0]LogConfig: Setting CVar [[r.DetailMode:2]]
[2019.01.29-16.45.27:414][  0]LogConfig: Setting CVar [[r.TranslucencyVolumeBlur:0]]
[2019.01.29-16.45.27:414][  0]LogConfig: Setting CVar [[r.MaterialQualityLevel:1 ; High quality]]
[2019.01.29-16.45.27:414][  0]LogConfig: Setting CVar [[r.SSS.Scale:1]]
[2019.01.29-16.45.27:414][  0]LogConfig: Setting CVar [[r.SSS.SampleSet:2]]
[2019.01.29-16.45.27:414][  0]LogConfig: Setting CVar [[r.SSS.Quality:1]]
[2019.01.29-16.45.27:414][  0]LogConfig: Setting CVar [[r.SSS.HalfRes:1]]
[2019.01.29-16.45.27:414][  0]LogConfig: Setting CVar [[r.EmitterSpawnRateScale:1.0]]
[2019.01.29-16.45.27:414][  0]LogConfig: Setting CVar [[r.ParticleLightQuality:2]]
[2019.01.29-16.45.27:414][  0]LogConfig: Applying CVar settings from Section [FoliageQuality@3] File [E:/Users/user/Documents/01-Projects_UE/Akenomia/Saved/Config/Windows/Scalability.ini]
[2019.01.29-16.45.27:414][  0]LogConfig: Setting CVar [[foliage.DensityScale:1.0]]
[2019.01.29-16.45.27:414][  0]LogConfig: Setting CVar [[grass.DensityScale:1.0]]
[2019.01.29-16.45.27:414][  0]LogInit: Selected Device Profile: [Windows]
[2019.01.29-16.45.27:414][  0]LogInit: Applying CVar settings loaded from the selected device profile: [Windows]
[2019.01.29-16.45.27:434][  0]LogHAL: Display: Platform has ~ 12 GB [12833935360 / 17179869184 / 12], which maps to Larger [LargestMinGB=32, LargerMinGB=12, DefaultMinGB=8, SmallerMinGB=6, SmallestMinGB=0)
[2019.01.29-16.45.27:434][  0]LogConfig: Setting CVar [[r.Vulkan.UseRealUBs:1]]
[2019.01.29-16.45.27:434][  0]LogInit: Going up to parent DeviceProfile []
[2019.01.29-16.45.27:434][  0]LogConfig: Applying CVar settings from Section [ViewDistanceQuality@3] File [E:/Users/user/Documents/01-Projects_UE/Akenomia/Saved/Config/Windows/Scalability.ini]
[2019.01.29-16.45.27:434][  0]LogConfig: Setting CVar [[r.SkeletalMeshLODBias:0]]
[2019.01.29-16.45.27:434][  0]LogConfig: Setting CVar [[r.ViewDistanceScale:1.0]]
[2019.01.29-16.45.27:434][  0]LogConfig: Applying CVar settings from Section [AntiAliasingQuality@3] File [E:/Users/user/Documents/01-Projects_UE/Akenomia/Saved/Config/Windows/Scalability.ini]
[2019.01.29-16.45.27:434][  0]LogConfig: Setting CVar [[r.PostProcessAAQuality:3]]
[2019.01.29-16.45.27:434][  0]LogConfig: Applying CVar settings from Section [ShadowQuality@3] File [E:/Users/user/Documents/01-Projects_UE/Akenomia/Saved/Config/Windows/Scalability.ini]
[2019.01.29-16.45.27:434][  0]LogConfig: Setting CVar [[r.LightFunctionQuality:1]]
[2019.01.29-16.45.27:434][  0]LogConfig: Setting CVar [[r.ShadowQuality:5]]
[2019.01.29-16.45.27:434][  0]LogConfig: Setting CVar [[r.Shadow.CSM.MaxCascades:10]]
[2019.01.29-16.45.27:434][  0]LogConfig: Setting CVar [[r.Shadow.MaxResolution:2048]]
[2019.01.29-16.45.27:434][  0]LogConfig: Setting CVar [[r.Shadow.MaxCSMResolution:2048]]
[2019.01.29-16.45.27:434][  0]LogConfig: Setting CVar [[r.Shadow.RadiusThreshold:0.01]]
[2019.01.29-16.45.27:434][  0]LogConfig: Setting CVar [[r.Shadow.DistanceScale:1.0]]
[2019.01.29-16.45.27:434][  0]LogConfig: Setting CVar [[r.Shadow.CSM.TransitionScale:1.0]]
[2019.01.29-16.45.27:434][  0]LogConfig: Setting CVar [[r.Shadow.PreShadowResolutionFactor:1.0]]
[2019.01.29-16.45.27:434][  0]LogConfig: Setting CVar [[r.DistanceFieldShadowing:1]]
[2019.01.29-16.45.27:434][  0]LogConfig: Setting CVar [[r.DistanceFieldAO:1]]
[2019.01.29-16.45.27:434][  0]LogConfig: Setting CVar [[r.AOQuality:2]]
[2019.01.29-16.45.27:434][  0]LogConfig: Setting CVar [[r.VolumetricFog:1]]
[2019.01.29-16.45.27:434][  0]LogConfig: Setting CVar [[r.VolumetricFog.GridPixelSize:8]]
[2019.01.29-16.45.27:434][  0]LogConfig: Setting CVar [[r.VolumetricFog.GridSizeZ:128]]
[2019.01.29-16.45.27:434][  0]LogConfig: Setting CVar [[r.VolumetricFog.HistoryMissSupersampleCount:4]]
[2019.01.29-16.45.27:434][  0]LogConfig: Setting CVar [[r.LightMaxDrawDistanceScale:1]]
[2019.01.29-16.45.27:434][  0]LogConfig: Setting CVar [[r.CapsuleShadows:1]]
[2019.01.29-16.45.27:434][  0]LogConfig: Applying CVar settings from Section [PostProcessQuality@3] File [E:/Users/user/Documents/01-Projects_UE/Akenomia/Saved/Config/Windows/Scalability.ini]
[2019.01.29-16.45.27:434][  0]LogConfig: Setting CVar [[r.MotionBlurQuality:0]]
[2019.01.29-16.45.27:434][  0]LogConfig: Setting CVar [[r.AmbientOcclusionMipLevelFactor:0.4]]
[2019.01.29-16.45.27:434][  0]LogConfig: Setting CVar [[r.AmbientOcclusionMaxQuality:100]]
[2019.01.29-16.45.27:434][  0]LogConfig: Setting CVar [[r.AmbientOcclusionLevels:0]]
[2019.01.29-16.45.27:434][  0]LogConfig: Setting CVar [[r.AmbientOcclusionRadiusScale:1.0]]
[2019.01.29-16.45.27:434][  0]LogConfig: Setting CVar [[r.DepthOfFieldQuality:0]]
[2019.01.29-16.45.27:434][  0]LogConfig: Setting CVar [[r.RenderTargetPoolMin:400]]
[2019.01.29-16.45.27:434][  0]LogConfig: Setting CVar [[r.LensFlareQuality:0]]
[2019.01.29-16.45.27:434][  0]LogConfig: Setting CVar [[r.SceneColorFringeQuality:0]]
[2019.01.29-16.45.27:434][  0]LogConfig: Setting CVar [[r.EyeAdaptationQuality:2]]
[2019.01.29-16.45.27:434][  0]LogConfig: Setting CVar [[r.BloomQuality:1]]
[2019.01.29-16.45.27:434][  0]LogConfig: Setting CVar [[r.FastBlurThreshold:0]]
[2019.01.29-16.45.27:434][  0]LogConfig: Setting CVar [[r.Upscale.Quality:3]]
[2019.01.29-16.45.27:435][  0]LogConfig: Setting CVar [[r.Tonemapper.GrainQuantization:1]]
[2019.01.29-16.45.27:435][  0]LogConfig: Setting CVar [[r.LightShaftQuality:1]]
[2019.01.29-16.45.27:435][  0]LogConfig: Setting CVar [[r.Filter.SizeScale:1]]
[2019.01.29-16.45.27:435][  0]LogConfig: Setting CVar [[r.Tonemapper.Quality:5]]
[2019.01.29-16.45.27:435][  0]LogConfig: Setting CVar [[r.DOF.Gather.AccumulatorQuality:1        ; higher gathering accumulator quality]]
[2019.01.29-16.45.27:435][  0]LogConfig: Setting CVar [[r.DOF.Gather.PostfilterMethod:1          ; Median3x3 postfilering method]]
[2019.01.29-16.45.27:435][  0]LogConfig: Setting CVar [[r.DOF.Gather.EnableBokehSettings:0       ; no bokeh simulation when gathering]]
[2019.01.29-16.45.27:435][  0]LogConfig: Setting CVar [[r.DOF.Gather.RingCount:4                 ; medium number of samples when gathering]]
[2019.01.29-16.45.27:435][  0]LogConfig: Setting CVar [[r.DOF.Scatter.ForegroundCompositing:1    ; additive foreground scattering]]
[2019.01.29-16.45.27:435][  0]LogConfig: Setting CVar [[r.DOF.Scatter.BackgroundCompositing:2    ; additive background scattering]]
[2019.01.29-16.45.27:435][  0]LogConfig: Setting CVar [[r.DOF.Scatter.EnableBokehSettings:1      ; bokeh simulation when scattering]]
[2019.01.29-16.45.27:435][  0]LogConfig: Setting CVar [[r.DOF.Scatter.MaxSpriteRatio:0.1         ; only a maximum of 10% of scattered bokeh]]
[2019.01.29-16.45.27:435][  0]LogConfig: Setting CVar [[r.DOF.Recombine.Quality:1                ; cheap slight out of focus]]
[2019.01.29-16.45.27:435][  0]LogConfig: Setting CVar [[r.DOF.Recombine.EnableBokehSettings:0    ; no bokeh simulation on slight out of focus]]
[2019.01.29-16.45.27:435][  0]LogConfig: Setting CVar [[r.DOF.TemporalAAQuality:1                ; more stable temporal accumulation]]
[2019.01.29-16.45.27:435][  0]LogConfig: Setting CVar [[r.DOF.Kernel.MaxForegroundRadius:0.025]]
[2019.01.29-16.45.27:435][  0]LogConfig: Setting CVar [[r.DOF.Kernel.MaxBackgroundRadius:0.025]]
[2019.01.29-16.45.27:435][  0]LogConfig: Applying CVar settings from Section [TextureQuality@3] File [E:/Users/user/Documents/01-Projects_UE/Akenomia/Saved/Config/Windows/Scalability.ini]
[2019.01.29-16.45.27:435][  0]LogConfig: Setting CVar [[r.Streaming.MipBias:0]]
[2019.01.29-16.45.27:435][  0]LogConfig: Setting CVar [[r.Streaming.AmortizeCPUToGPUCopy:0]]
[2019.01.29-16.45.27:435][  0]LogConfig: Setting CVar [[r.Streaming.MaxNumTexturesToStreamPerFrame:0]]
[2019.01.29-16.45.27:435][  0]LogConfig: Setting CVar [[r.Streaming.Boost:1]]
[2019.01.29-16.45.27:435][  0]LogConfig: Setting CVar [[r.MaxAnisotropy:8]]
[2019.01.29-16.45.27:435][  0]LogConfig: Setting CVar [[r.Streaming.LimitPoolSizeToVRAM:0]]
[2019.01.29-16.45.27:435][  0]LogConfig: Setting CVar [[r.Streaming.PoolSize:1000]]
[2019.01.29-16.45.27:435][  0]LogConfig: Setting CVar [[r.Streaming.MaxEffectiveScreenSize:0]]
[2019.01.29-16.45.27:435][  0]LogConfig: Applying CVar settings from Section [EffectsQuality@3] File [E:/Users/user/Documents/01-Projects_UE/Akenomia/Saved/Config/Windows/Scalability.ini]
[2019.01.29-16.45.27:435][  0]LogConfig: Setting CVar [[r.TranslucencyLightingVolumeDim:4]]
[2019.01.29-16.45.27:435][  0]LogConfig: Setting CVar [[r.RefractionQuality:2]]
[2019.01.29-16.45.27:435][  0]LogConfig: Setting CVar [[r.SSR.Quality:0]]
[2019.01.29-16.45.27:435][  0]LogConfig: Setting CVar [[r.SceneColorFormat:2]]
[2019.01.29-16.45.27:435][  0]LogConfig: Setting CVar [[r.DetailMode:2]]
[2019.01.29-16.45.27:435][  0]LogConfig: Setting CVar [[r.TranslucencyVolumeBlur:0]]
[2019.01.29-16.45.27:435][  0]LogConfig: Setting CVar [[r.MaterialQualityLevel:1 ; High quality]]
[2019.01.29-16.45.27:435][  0]LogConfig: Setting CVar [[r.SSS.Scale:1]]
[2019.01.29-16.45.27:435][  0]LogConfig: Setting CVar [[r.SSS.SampleSet:2]]
[2019.01.29-16.45.27:435][  0]LogConfig: Setting CVar [[r.SSS.Quality:1]]
[2019.01.29-16.45.27:435][  0]LogConfig: Setting CVar [[r.SSS.HalfRes:1]]
[2019.01.29-16.45.27:435][  0]LogConfig: Setting CVar [[r.EmitterSpawnRateScale:1.0]]
[2019.01.29-16.45.27:435][  0]LogConfig: Setting CVar [[r.ParticleLightQuality:2]]
[2019.01.29-16.45.27:435][  0]LogConfig: Applying CVar settings from Section [FoliageQuality@3] File [E:/Users/user/Documents/01-Projects_UE/Akenomia/Saved/Config/Windows/Scalability.ini]
[2019.01.29-16.45.27:435][  0]LogConfig: Setting CVar [[foliage.DensityScale:1.0]]
[2019.01.29-16.45.27:435][  0]LogConfig: Setting CVar [[grass.DensityScale:1.0]]
[2019.01.29-16.45.27:435][  0]LogConfig: Applying CVar settings from Section [Startup] File [../../../Engine/Config/ConsoleVariables.ini]
[2019.01.29-16.45.27:436][  0]LogConfig: Setting CVar [[net.UseAdaptiveNetUpdateFrequency:0]]
[2019.01.29-16.45.27:436][  0]LogConfig: Applying CVar settings from Section [ConsoleVariables] File [E:/Users/user/Documents/01-Projects_UE/Akenomia/Saved/Config/Windows/Engine.ini]
[2019.01.29-16.45.27:436][  0]LogInit: Computer: MANZAVISION05
[2019.01.29-16.45.27:436][  0]LogInit: User: user
[2019.01.29-16.45.27:436][  0]LogInit: CPU Page size=4096, Cores=4
[2019.01.29-16.45.27:436][  0]LogInit: High frequency timer resolution =3.328122 MHz
[2019.01.29-16.45.27:436][  0]LogMemory: Memory total: Physical=12.0GB (12GB approx)
[2019.01.29-16.45.27:436][  0]LogMemory: Platform Memory Stats for Windows
[2019.01.29-16.45.27:436][  0]LogMemory: Process Physical Memory: 102.13 MB used, 102.13 MB peak
[2019.01.29-16.45.27:436][  0]LogMemory: Process Virtual Memory: 91.45 MB used, 91.45 MB peak
[2019.01.29-16.45.27:436][  0]LogMemory: Physical Memory: 10571.97 MB used,  1667.43 MB free, 12239.39 MB total
[2019.01.29-16.45.27:436][  0]LogMemory: Virtual Memory: 4648.89 MB used,  134213080.00 MB free, 134217728.00 MB total
[2019.01.29-16.45.27:456][  0]LogInit: Using OS detected language (fr-FR).
[2019.01.29-16.45.27:456][  0]LogInit: Using OS detected locale (fr-FR).
[2019.01.29-16.45.27:457][  0]LogTextLocalizationManager: No specific localization for 'fr-FR' exists, so the 'fr' localization will be used.
[2019.01.29-16.45.27:459][  0]LogStreaming: Display: Took  0.003s to InitEngineTextLocalization.
[2019.01.29-16.45.27:459][  0]LogInit: Setting process to per monitor DPI aware
[2019.01.29-16.45.27:585][  0]LogSlate: New Slate User Created.  User Index 0, Is Virtual User: 0
[2019.01.29-16.45.27:585][  0]LogSlate: Slate User Registered.  User Index 0, Is Virtual User: 0
[2019.01.29-16.45.27:896][  0]LogHMD: Failed to initialize OpenVR with code 126
[2019.01.29-16.45.27:896][  0]LogD3D11RHI: D3D11 adapters:
[2019.01.29-16.45.27:963][  0]LogD3D11RHI:    0. 'NVIDIA GeForce GTX 970' (Feature Level 11_0)
[2019.01.29-16.45.27:963][  0]LogD3D11RHI:       4058/0/6119 MB DedicatedVideo/DedicatedSystem/SharedSystem, Outputs:2, VendorId:0x10de
[2019.01.29-16.45.27:965][  0]LogD3D11RHI:    1. 'Microsoft Basic Render Driver' (Feature Level 11_0)
[2019.01.29-16.45.27:965][  0]LogD3D11RHI:       0/0/6119 MB DedicatedVideo/DedicatedSystem/SharedSystem, Outputs:0, VendorId:0x1414
[2019.01.29-16.45.27:965][  0]LogD3D11RHI: Chosen D3D11 Adapter: 0
[2019.01.29-16.45.28:000][  0]LogD3D11RHI: Creating new Direct3DDevice
[2019.01.29-16.45.28:001][  0]LogD3D11RHI:     GPU DeviceId: 0x13c2 (for the marketing name, search the web for "GPU Device Id")
[2019.01.29-16.45.28:001][  0]LogWindows: EnumDisplayDevices:
[2019.01.29-16.45.28:001][  0]LogWindows:    0. 'NVIDIA GeForce GTX 970' (P:1 D:1)
[2019.01.29-16.45.28:001][  0]LogWindows:    1. 'NVIDIA GeForce GTX 970' (P:0 D:1)
[2019.01.29-16.45.28:001][  0]LogWindows:    2. 'NVIDIA GeForce GTX 970' (P:0 D:0)
[2019.01.29-16.45.28:002][  0]LogWindows:    3. 'NVIDIA GeForce GTX 970' (P:0 D:0)
[2019.01.29-16.45.28:002][  0]LogWindows: DebugString: FoundDriverCount:4 
[2019.01.29-16.45.28:002][  0]LogD3D11RHI:     Adapter Name: NVIDIA GeForce GTX 970
[2019.01.29-16.45.28:002][  0]LogD3D11RHI:   Driver Version: 388.13 (internal:23.21.13.8813, unified:388.13)
[2019.01.29-16.45.28:002][  0]LogD3D11RHI:      Driver Date: 10-27-2017
[2019.01.29-16.45.28:002][  0]LogRHI: Texture pool is 2840 MB (70% of 4058 MB)
[2019.01.29-16.45.28:073][  0]LogD3D11RHI: Async texture creation enabled
[2019.01.29-16.45.28:136][  0]LogD3D11RHI: GPU Timing Frequency: 1000.000000 (Debug: 2 1)
[2019.01.29-16.45.28:662][  0]LogTemp: Display: Loaded TP AllDesktopTargetPlatform
[2019.01.29-16.45.28:675][  0]LogTemp: Display: Loaded TP MacClientTargetPlatform
[2019.01.29-16.45.28:693][  0]LogTemp: Display: Loaded TP MacNoEditorTargetPlatform
[2019.01.29-16.45.28:708][  0]LogTemp: Display: Loaded TP MacServerTargetPlatform
[2019.01.29-16.45.28:728][  0]LogTemp: Display: Loaded TP MacTargetPlatform
[2019.01.29-16.45.28:745][  0]LogTemp: Display: Loaded TP WindowsClientTargetPlatform
[2019.01.29-16.45.28:761][  0]LogTemp: Display: Loaded TP WindowsNoEditorTargetPlatform
[2019.01.29-16.45.28:776][  0]LogTemp: Display: Loaded TP WindowsServerTargetPlatform
[2019.01.29-16.45.28:783][  0]LogTemp: Display: Loaded TP WindowsTargetPlatform
[2019.01.29-16.45.28:875][  0]LogTemp: Display: Loaded TP AndroidTargetPlatform
[2019.01.29-16.45.28:875][  0]LogTemp: Display: Loaded TP AndroidTargetPlatform
[2019.01.29-16.45.28:875][  0]LogTemp: Display: Loaded TP AndroidTargetPlatform
[2019.01.29-16.45.28:875][  0]LogTemp: Display: Loaded TP AndroidTargetPlatform
[2019.01.29-16.45.28:875][  0]LogTemp: Display: Loaded TP AndroidTargetPlatform
[2019.01.29-16.45.28:875][  0]LogTemp: Display: Loaded TP AndroidTargetPlatform
[2019.01.29-16.45.28:875][  0]LogTemp: Display: Loaded TP AndroidTargetPlatform
[2019.01.29-16.45.28:875][  0]LogTemp: Display: Loaded TP AndroidTargetPlatform
[2019.01.29-16.45.28:875][  0]LogTemp: Display: Loaded TP AndroidTargetPlatform
[2019.01.29-16.45.28:875][  0]LogTemp: Display: Loaded TP AndroidTargetPlatform
[2019.01.29-16.45.28:875][  0]LogTemp: Display: Loaded TP AndroidTargetPlatform
[2019.01.29-16.45.28:875][  0]LogTemp: Display: Loaded TP AndroidTargetPlatform
[2019.01.29-16.45.28:875][  0]LogTemp: Display: Loaded TP AndroidTargetPlatform
[2019.01.29-16.45.28:875][  0]LogTemp: Display: Loaded TP AndroidTargetPlatform
[2019.01.29-16.45.28:875][  0]LogTemp: Display: Loaded TP AndroidTargetPlatform
[2019.01.29-16.45.28:875][  0]LogTemp: Display: Loaded TP AndroidTargetPlatform
[2019.01.29-16.45.28:875][  0]LogTemp: Display: Loaded TP AndroidTargetPlatform
[2019.01.29-16.45.28:875][  0]LogTemp: Display: Loaded TP AndroidTargetPlatform
[2019.01.29-16.45.28:877][  0]LogTemp: Display: Loaded TP HTML5TargetPlatform
[2019.01.29-16.45.28:943][  0]LogTemp: Display: Loaded TP IOSTargetPlatform
[2019.01.29-16.45.28:943][  0]LogTemp: Display: Loaded TP IOSTargetPlatform
[2019.01.29-16.45.28:978][  0]LogTemp: Display: Loaded TP TVOSTargetPlatform
[2019.01.29-16.45.28:978][  0]LogTemp: Display: Loaded TP TVOSTargetPlatform
[2019.01.29-16.45.28:997][  0]LogTemp: Display: Loaded TP LinuxClientTargetPlatform
[2019.01.29-16.45.29:014][  0]LogTemp: Display: Loaded TP LinuxNoEditorTargetPlatform
[2019.01.29-16.45.29:031][  0]LogTemp: Display: Loaded TP LinuxServerTargetPlatform
[2019.01.29-16.45.29:049][  0]LogTemp: Display: Loaded TP LinuxTargetPlatform
[2019.01.29-16.45.29:118][  0]LogTemp: Display: Loaded TP LuminTargetPlatform
[2019.01.29-16.45.29:118][  0]LogTemp: Display: Loaded TP LuminTargetPlatform
[2019.01.29-16.45.29:118][  0]LogTargetPlatformManager: Display: Building Assets For Windows
[2019.01.29-16.45.29:191][  0]LogShaderCompilers: Guid format shader working directory is -18 characters bigger than the processId version (../../../../../../Users/user/Documents/01-Projects_UE/Akenomia/Intermediate/Shaders/WorkingDirectory/66436/).
[2019.01.29-16.45.29:191][  0]LogShaderCompilers: Cleaned the shader compiler working directory 'C:/Users/user/AppData/Local/Temp/UnrealShaderWorkingDir/D29E70BE4A8780AB24F6D4AEFDCACA57/'.
[2019.01.29-16.45.29:193][  0]LogXGEController: Cannot use XGE Controller as Incredibuild is not installed on this machine.
[2019.01.29-16.45.29:193][  0]LogShaderCompilers: Cannot use XGE Shader Compiler as Incredibuild is not installed on this machine.
[2019.01.29-16.45.29:193][  0]LogShaderCompilers: Display: Using Local Shader Compiler.
[2019.01.29-16.45.29:885][  0]LogDerivedDataCache: Display: Max Cache Size: 512 MB
[2019.01.29-16.45.29:952][  0]LogDerivedDataCache: Loaded boot cache 0.06s 86MB C:/Users/user/AppData/Local/UnrealEngine/4.21/DerivedDataCache/Boot.ddc.
[2019.01.29-16.45.29:952][  0]LogDerivedDataCache: Display: Loaded Boot cache: C:/Users/user/AppData/Local/UnrealEngine/4.21/DerivedDataCache/Boot.ddc
[2019.01.29-16.45.29:952][  0]LogDerivedDataCache: FDerivedDataBackendGraph:  Pak pak cache file ../../../../../../Users/user/Documents/01-Projects_UE/Akenomia/DerivedDataCache/DDC.ddp not found, will not use a pak cache.
[2019.01.29-16.45.29:952][  0]LogDerivedDataCache: Unable to find inner node Pak for hierarchical cache Hierarchy.
[2019.01.29-16.45.29:952][  0]LogDerivedDataCache: FDerivedDataBackendGraph:  CompressedPak pak cache file ../../../../../../Users/user/Documents/01-Projects_UE/Akenomia/DerivedDataCache/Compressed.ddp not found, will not use a pak cache.
[2019.01.29-16.45.29:952][  0]LogDerivedDataCache: Unable to find inner node CompressedPak for hierarchical cache Hierarchy.
[2019.01.29-16.45.29:967][  0]LogDerivedDataCache: Display: Pak cache opened for reading ../../../Engine/DerivedDataCache/Compressed.ddp.
[2019.01.29-16.45.29:972][  0]LogDerivedDataCache: Display: Pak cache opened for reading ../../../Enterprise/DerivedDataCache/Compressed.ddp.
[2019.01.29-16.45.29:984][  0]LogDerivedDataCache: Using Local data cache path C:/Users/user/AppData/Local/UnrealEngine/Common/DerivedDataCache: Writable
[2019.01.29-16.45.29:984][  0]LogDerivedDataCache: Shared data cache path not found in *engine.ini, will not use an Shared cache.
[2019.01.29-16.45.29:984][  0]LogDerivedDataCache: Unable to find inner node Shared for hierarchical cache Hierarchy.
[2019.01.29-16.45.30:014][  0]LogMaterial: Verifying Global Shaders for PCD3D_SM5
[2019.01.29-16.45.30:016][  0]LogSlate: Using FreeType 2.6.0
[2019.01.29-16.45.30:016][  0]LogSlate: SlateFontServices - WITH_FREETYPE: 1, WITH_HARFBUZZ: 1
[2019.01.29-16.45.30:113][  0]LogAssetRegistry: FAssetRegistry took 0.0351 seconds to start up
[2019.01.29-16.45.30:487][  0]LogInit: Selected Device Profile: [Windows]
[2019.01.29-16.45.30:642][  0]LogSimplygon: Simplygon DLL not present - disabling.
[2019.01.29-16.45.30:644][  0]LogMeshReduction: Using SimplygonSwarm for distributed automatic mesh merging
[2019.01.29-16.45.30:644][  0]LogMeshReduction: Using ProxyLODMeshReduction for automatic mesh merging
[2019.01.29-16.45.30:645][  0]LogMeshReduction: Using QuadricMeshReduction for automatic static mesh reduction
[2019.01.29-16.45.30:645][  0]LogMeshReduction: No automatic skeletal mesh reduction module available
[2019.01.29-16.45.30:657][  0]LogNetVersion: Akenomia 1.0.0, NetCL: 4541578, EngineNetVer: 5, GameNetVer: 0 (Checksum: 2219032704)
[2019.01.29-16.45.31:397][  0]LogPackageLocalizationCache: Processed 14 localized package path(s) for 2 prioritized culture(s) in 0.309603 seconds
[2019.01.29-16.45.31:404][  0]LogUObjectArray: 39775 objects as part of root set at end of initial load.
[2019.01.29-16.45.31:404][  0]LogUObjectAllocator: 6914664 out of 0 bytes used by permanent object pool.
[2019.01.29-16.45.31:404][  0]LogUObjectArray: CloseDisregardForGC: 0/0 objects in disregard for GC pool
[2019.01.29-16.45.32:315][  0]LogTcpMessaging: Initializing TcpMessaging bridge
[2019.01.29-16.45.32:328][  0]LogUdpMessaging: Initializing bridge on interface 0.0.0.0:0 to multicast group 230.0.0.1:6666.
[2019.01.29-16.45.33:023][  0]SourceControl: Source control is disabled
[2019.01.29-16.45.33:023][  0]SourceControl: Source control is disabled
[2019.01.29-16.45.33:024][  0]SourceControl: Source control is disabled
[2019.01.29-16.45.33:025][  0]SourceControl: Source control is disabled
[2019.01.29-16.45.33:201][  0]LogAndroidPermission: UAndroidPermissionCallbackProxy::GetInstance
[2019.01.29-16.45.33:258][  0]LogOcInput: OculusInput pre-init called
[2019.01.29-16.45.34:708][  0]LogEngine: Initializing Engine...
[2019.01.29-16.45.34:772][  0]LogHMD: Failed to initialize OpenVR with code 126
[2019.01.29-16.45.34:774][  0]LogStats: UGameplayTagsManager::ConstructGameplayTagTree: ImportINI prefixes -  0.000 s
[2019.01.29-16.45.34:774][  0]LogStats: UGameplayTagsManager::ConstructGameplayTagTree: Construct from data asset -  0.000 s
[2019.01.29-16.45.34:774][  0]LogStats: UGameplayTagsManager::ConstructGameplayTagTree: ImportINI -  0.000 s
[2019.01.29-16.45.34:774][  0]LogStats: UGameplayTagsManager::ConstructGameplayTagTree: GameplayTagTreeChangedEvent.Broadcast -  0.000 s
[2019.01.29-16.45.35:037][  0]LogInit: Initializing FReadOnlyCVARCache
[2019.01.29-16.45.35:050][  0]LogAIModule: Creating AISystem for world Untitled
[2019.01.29-16.45.35:065][  0]LogInit: XAudio2 using 'Speakers (Realtek High Definition Audio)' : 2 channels at 48 kHz using 32 bits per sample (channel mask 0x3)
[2019.01.29-16.45.35:100][  0]LogInit: FAudioDevice initialized.
[2019.01.29-16.45.35:100][  0]LogNetVersion: Set ProjectVersion to 1.0.0.0. Version Checksum will be recalculated on next use.
[2019.01.29-16.45.35:197][  0]LogDerivedDataCache: Saved boot cache 0.10s 72MB C:/Users/user/AppData/Local/UnrealEngine/4.21/DerivedDataCache/Boot.ddc.
[2019.01.29-16.45.35:392][  0]LogInit: Texture streaming: Enabled
[2019.01.29-16.45.35:408][  0]LogEngineSessionManager: EngineSessionManager initialized
[2019.01.29-16.45.35:434][  0]LogInit: Transaction tracking system initialized
[2019.01.29-16.45.35:488][  0]BlueprintLog: New page: Editor Load
[2019.01.29-16.45.35:557][  0]LocalizationService: Localization service is disabled
[2019.01.29-16.45.36:036][  0]LogFileCache: Scanning file cache for directory 'E:/Users/user/Documents/01-Projects_UE/Akenomia/Content/' took 0.01s
[2019.01.29-16.45.36:036][  0]LogCook: Display: Max memory allowance for cook 16384mb min free memory 0mb
[2019.01.29-16.45.36:036][  0]LogCook: Display: Mobile HDR setting 1
[2019.01.29-16.45.36:036][  0]LogGameplayTags: Display: UGameplayTagsManager::DoneAddingNativeTags. DelegateIsBound: 0
[2019.01.29-16.45.36:036][  0]LogStats: UGameplayTagsManager::ConstructGameplayTagTree: ImportINI prefixes -  0.000 s
[2019.01.29-16.45.36:036][  0]LogStats: UGameplayTagsManager::ConstructGameplayTagTree: Construct from data asset -  0.000 s
[2019.01.29-16.45.36:036][  0]LogStats: UGameplayTagsManager::ConstructGameplayTagTree: ImportINI -  0.000 s
[2019.01.29-16.45.36:036][  0]LogStats: UGameplayTagsManager::ConstructGameplayTagTree: GameplayTagTreeChangedEvent.Broadcast -  0.000 s
[2019.01.29-16.45.37:401][  0]SourceControl: Source control is disabled
[2019.01.29-16.45.37:402][  0]Cmd: MAP LOAD FILE="../../../../../../Users/user/Documents/01-Projects_UE/Akenomia/Content/VirtualRealityBP/Maps/StartupMap.umap" TEMPLATE=0 SHOWPROGRESS=1 FEATURELEVEL=3
[2019.01.29-16.45.37:402][  0]LightingResults: New page: Lighting Build
[2019.01.29-16.45.37:404][  0]MapCheck: New page: Map Check
[2019.01.29-16.45.37:404][  0]LightingResults: New page: Lighting Build
[2019.01.29-16.45.37:527][  0]LogAIModule: Creating AISystem for world StartupMap
[2019.01.29-16.45.37:533][  0]LogEditorServer: Finished looking for orphan Actors (0.000 secs)
[2019.01.29-16.45.37:559][  0]Cmd: MAP CHECKDEP NOCLEARLOG
[2019.01.29-16.45.37:559][  0]MapCheck: Map check complete: 0 Error(s), 0 Warning(s), took 0,12ms to complete.
[2019.01.29-16.45.37:559][  0]LogFileHelpers: Loading map 'StartupMap' took 0.157
[2019.01.29-16.45.37:665][  0]LogSlate: Updating window title bar state: overlay mode, drag disabled, window buttons hidden, title bar hidden
[2019.01.29-16.45.37:673][  0]LogSlate: Updating window title bar state: overlay mode, drag disabled, window buttons hidden, title bar hidden
[2019.01.29-16.45.37:681][  0]LogSlate: Updating window title bar state: overlay mode, drag disabled, window buttons hidden, title bar hidden
[2019.01.29-16.45.37:690][  0]LogSlate: Updating window title bar state: overlay mode, drag disabled, window buttons hidden, title bar hidden
[2019.01.29-16.45.37:695][  0]LogCollectionManager: Loaded 0 collections in 0.001121 seconds
[2019.01.29-16.45.37:722][  0]LogFileCache: Scanning file cache for directory 'E:/Users/user/Documents/01-Projects_UE/Akenomia/Saved/Collections/' took 0.01s
[2019.01.29-16.45.37:722][  0]LogFileCache: Scanning file cache for directory 'E:/Users/user/Documents/01-Projects_UE/Akenomia/Content/Developers/user/Collections/' took 0.00s
[2019.01.29-16.45.37:722][  0]LogFileCache: Scanning file cache for directory 'E:/Users/user/Documents/01-Projects_UE/Akenomia/Content/Collections/' took 0.01s
[2019.01.29-16.45.37:722][  0]LogCollectionManager: Rebuilt the GUID cache for 0 collections in 0.000000 seconds
[2019.01.29-16.45.37:732][  0]LogContentBrowser: Native class hierarchy populated in 0.0099 seconds. Added 2709 classes and 653 folders.
[2019.01.29-16.45.37:738][  0]LogContentBrowser: Native class hierarchy updated for 'WidgetCarousel' in 0.0002 seconds. Added 0 classes and 0 folders.
[2019.01.29-16.45.37:739][  0]LogPakFile: Registered encryption key '00000000000000000000000000000000': 0 pak files mounted, 0 remain pending
[2019.01.29-16.45.37:739][  0]LogPakFile: Registered encryption key '00000000000000000000000000000000': 0 pak files mounted, 0 remain pending
[2019.01.29-16.45.37:740][  0]LogPakFile: Registered encryption key '00000000000000000000000000000000': 0 pak files mounted, 0 remain pending
[2019.01.29-16.45.37:740][  0]LogPakFile: Registered encryption key '00000000000000000000000000000000': 0 pak files mounted, 0 remain pending
[2019.01.29-16.45.37:740][  0]LogPakFile: Registered encryption key '00000000000000000000000000000000': 0 pak files mounted, 0 remain pending
[2019.01.29-16.45.37:741][  0]LogPakFile: Registered encryption key '00000000000000000000000000000000': 0 pak files mounted, 0 remain pending
[2019.01.29-16.45.37:741][  0]LogPakFile: Registered encryption key '00000000000000000000000000000000': 0 pak files mounted, 0 remain pending
[2019.01.29-16.45.37:741][  0]LogPakFile: Registered encryption key '00000000000000000000000000000000': 0 pak files mounted, 0 remain pending
[2019.01.29-16.45.37:742][  0]LogPakFile: Registered encryption key '00000000000000000000000000000000': 0 pak files mounted, 0 remain pending
[2019.01.29-16.45.37:742][  0]LogPakFile: Registered encryption key '00000000000000000000000000000000': 0 pak files mounted, 0 remain pending
[2019.01.29-16.45.37:743][  0]LogPakFile: Registered encryption key '00000000000000000000000000000000': 0 pak files mounted, 0 remain pending
[2019.01.29-16.45.37:743][  0]LogPakFile: Registered encryption key '00000000000000000000000000000000': 0 pak files mounted, 0 remain pending
[2019.01.29-16.45.37:743][  0]LogPakFile: Registered encryption key '00000000000000000000000000000000': 0 pak files mounted, 0 remain pending
[2019.01.29-16.45.37:744][  0]LogPakFile: Registered encryption key '00000000000000000000000000000000': 0 pak files mounted, 0 remain pending
[2019.01.29-16.45.37:744][  0]LogPakFile: Registered encryption key '00000000000000000000000000000000': 0 pak files mounted, 0 remain pending
[2019.01.29-16.45.37:745][  0]LogPakFile: Registered encryption key '00000000000000000000000000000000': 0 pak files mounted, 0 remain pending
[2019.01.29-16.45.37:745][  0]LogPakFile: Registered encryption key '00000000000000000000000000000000': 0 pak files mounted, 0 remain pending
[2019.01.29-16.45.37:746][  0]LogPakFile: Registered encryption key '00000000000000000000000000000000': 0 pak files mounted, 0 remain pending
[2019.01.29-16.45.37:746][  0]LogPakFile: Registered encryption key '00000000000000000000000000000000': 0 pak files mounted, 0 remain pending
[2019.01.29-16.45.37:747][  0]LogPakFile: Registered encryption key '00000000000000000000000000000000': 0 pak files mounted, 0 remain pending
[2019.01.29-16.45.37:747][  0]LogPakFile: Registered encryption key '00000000000000000000000000000000': 0 pak files mounted, 0 remain pending
[2019.01.29-16.45.37:748][  0]LogPakFile: Registered encryption key '00000000000000000000000000000000': 0 pak files mounted, 0 remain pending
[2019.01.29-16.45.37:748][  0]LogPakFile: Registered encryption key '00000000000000000000000000000000': 0 pak files mounted, 0 remain pending
[2019.01.29-16.45.37:749][  0]LogPakFile: Registered encryption key '00000000000000000000000000000000': 0 pak files mounted, 0 remain pending
[2019.01.29-16.45.37:749][  0]LogPakFile: Registered encryption key '00000000000000000000000000000000': 0 pak files mounted, 0 remain pending
[2019.01.29-16.45.37:750][  0]LogPakFile: Registered encryption key '00000000000000000000000000000000': 0 pak files mounted, 0 remain pending
[2019.01.29-16.45.37:750][  0]LogPakFile: Registered encryption key '00000000000000000000000000000000': 0 pak files mounted, 0 remain pending
[2019.01.29-16.45.37:751][  0]LogPakFile: Registered encryption key '00000000000000000000000000000000': 0 pak files mounted, 0 remain pending
[2019.01.29-16.45.37:790][  0]LogContentBrowser: Native class hierarchy updated for 'AddContentDialog' in 0.0003 seconds. Added 0 classes and 0 folders.
[2019.01.29-16.45.37:794][  0]LogContentBrowser: Native class hierarchy updated for 'SceneOutliner' in 0.0002 seconds. Added 1 classes and 2 folders.
[2019.01.29-16.45.37:877][  0]LogSlate: Took 0.000186 seconds to synchronously load lazily loaded font '../../../Engine/Content/Slate/Fonts/Roboto-Regular.ttf' (155K)
[2019.01.29-16.45.37:879][  0]LogSlate: Took 0.000155 seconds to synchronously load lazily loaded font '../../../Engine/Content/Slate/Fonts/Roboto-Bold.ttf' (160K)
[2019.01.29-16.45.37:886][  0]LogSlate: Took 0.000243 seconds to synchronously load lazily loaded font '../../../Engine/Content/Editor/Slate/Fonts/FontAwesome.ttf' (139K)
[2019.01.29-16.45.37:965][  0]LogRenderer: Reallocating scene render targets to support 1060x424 Format 26 NumSamples 1 (Frame:1).
[2019.01.29-16.45.38:900][  0]LogContentBrowser: Native class hierarchy updated for 'HierarchicalLODOutliner' in 0.0004 seconds. Added 0 classes and 0 folders.
[2019.01.29-16.45.38:900][  0]LogLoad: (Engine Initialization) Total time: 13.05 seconds
[2019.01.29-16.45.38:900][  0]LogLoad: (Engine Initialization) Total Blueprint compile time: 0.00 seconds
[2019.01.29-16.45.39:518][  0]LogWindowsTextInputMethodSystem: Display: IME system now deactivated.
[2019.01.29-16.45.41:046][  0]LogContentStreaming: Texture pool size now 1000 MB
[2019.01.29-16.45.41:811][  3]LogAssetRegistry: Asset discovery search completed in 11.7197 seconds
[2019.01.29-16.45.41:819][  3]LogCollectionManager: Rebuilt the object cache for 0 collections in 0.000000 seconds (found 0 objects)
[2019.01.29-16.45.41:819][  3]LogCollectionManager: Fixed up redirectors for 0 collections in 0.000585 seconds (updated 0 objects)
[2019.01.29-16.45.42:233][  3]LogSlate: Took 0.039969 seconds to synchronously load lazily loaded font '../../../Engine/Content/Slate/Fonts/Roboto-Light.ttf' (167K)
[2019.01.29-16.46.22:491][125]LogSlate: FSceneViewport::OnFocusLost() reason 0
[2019.01.29-16.46.22:709][127]LogSlate: Took 0.000210 seconds to synchronously load lazily loaded font '../../../Engine/Content/Slate/Fonts/Roboto-Light.ttf' (167K)
[2019.01.29-16.46.26:667][127]LogAIModule: Creating AISystem for world 01_BaseScene
[2019.01.29-16.46.26:898][127]LogAssetEditorManager: Opening Asset editor for World /Game/Akenomia/Level/01_BaseScene.01_BaseScene
[2019.01.29-16.46.27:059][127]Cmd: MAP LOAD FILE="../../../../../../Users/user/Documents/01-Projects_UE/Akenomia/Content/Akenomia/Level/01_BaseScene.umap" TEMPLATE=0 SHOWPROGRESS=1 FEATURELEVEL=3
[2019.01.29-16.46.27:060][127]LightingResults: New page: Lighting Build
[2019.01.29-16.46.27:064][127]LoadErrors: New page: Loading map: 01_BaseScene.umap
[2019.01.29-16.46.27:248][127]MapCheck: New page: Map Check
[2019.01.29-16.46.27:248][127]LightingResults: New page: Lighting Build
[2019.01.29-16.46.27:609][127]LogEditorServer: Finished looking for orphan Actors (0.000 secs)
[2019.01.29-16.46.27:741][127]Cmd: MAP CHECKDEP NOCLEARLOG
[2019.01.29-16.46.27:741][127]MapCheck: Map check complete: 0 Error(s), 0 Warning(s), took 0,135ms to complete.
[2019.01.29-16.46.27:741][127]LogFileHelpers: Loading map '01_BaseScene' took 0.760
[2019.01.29-16.47.02:277][894]LogSlate: FSceneViewport::OnFocusLost() reason 0
[2019.01.29-16.48.55:354][881]LogEditorViewport: Clicking on Actor (LMB): StaticMeshActor (Floor_400x403)
[2019.01.29-16.49.37:691][143]LogSlate: Took 0.049670 seconds to synchronously load lazily loaded font '../../../Engine/Content/Slate/Fonts/Roboto-Italic.ttf' (157K)
[2019.01.29-16.49.41:684][255]LogSlate: FSceneViewport::OnFocusLost() reason 0
[2019.01.29-16.51.13:125][716]LogSlate: FSceneViewport::OnFocusLost() reason 0
[2019.01.29-16.51.14:414][862]LogRenderer: Reallocating scene render targets to support 1060x436 Format 26 NumSamples 1 (Frame:7955).
[2019.01.29-16.51.14:455][863]LogRenderer: Reallocating scene render targets to support 1060x448 Format 26 NumSamples 1 (Frame:7957).
[2019.01.29-16.51.14:497][864]LogRenderer: Reallocating scene render targets to support 1060x464 Format 26 NumSamples 1 (Frame:7959).
[2019.01.29-16.51.14:543][865]LogRenderer: Reallocating scene render targets to support 1060x484 Format 26 NumSamples 1 (Frame:7961).
[2019.01.29-16.51.14:583][866]LogRenderer: Reallocating scene render targets to support 1060x504 Format 26 NumSamples 1 (Frame:7963).
[2019.01.29-16.51.14:640][867]LogRenderer: Reallocating scene render targets to support 1060x524 Format 26 NumSamples 1 (Frame:7965).
[2019.01.29-16.51.14:696][868]LogRenderer: Reallocating scene render targets to support 1060x592 Format 26 NumSamples 1 (Frame:7967).
[2019.01.29-16.51.14:739][869]LogRenderer: Reallocating scene render targets to support 1060x660 Format 26 NumSamples 1 (Frame:7969).
[2019.01.29-16.51.14:790][870]LogRenderer: Reallocating scene render targets to support 1060x688 Format 26 NumSamples 1 (Frame:7971).
[2019.01.29-16.51.14:834][871]LogRenderer: Reallocating scene render targets to support 1060x708 Format 26 NumSamples 1 (Frame:7973).
[2019.01.29-16.51.14:873][872]LogRenderer: Reallocating scene render targets to support 1060x716 Format 26 NumSamples 1 (Frame:7975).
[2019.01.29-16.51.14:917][873]LogRenderer: Reallocating scene render targets to support 1060x720 Format 26 NumSamples 1 (Frame:7977).
[2019.01.29-16.51.37:331][489]LogEditorViewport: Clicking on Actor (LMB): StaticMeshActor (Floor_400x402)
[2019.01.29-16.51.38:226][575]LogEditorViewport: Clicking on Actor (LMB): StaticMeshActor (BanksyPainting)
[2019.01.29-16.55.47:757][442]LogSlate: FSceneViewport::OnFocusLost() reason 2
[2019.01.29-16.55.49:171][589]LogFactory: FactoryCreateFile: StaticMesh with FbxFactory (0 0 E:\M_DRIVE\3D\3DProject\02-Akenomia\R&D_Unreal\Assets\Radiators\Radiator_Small.fbx)
[2019.01.29-16.55.49:314][589]LogFbx: Loading FBX Scene from E:\M_DRIVE\3D\3DProject\02-Akenomia\R&D_Unreal\Assets\Radiators\Radiator_Small.fbx
[2019.01.29-16.55.49:350][589]LogFbx: FBX Scene Loaded Succesfully
[2019.01.29-16.56.21:051][589]LogSlate: Window 'FBX Import Options' being destroyed
[2019.01.29-16.56.21:329][589]LogMaterial: Display: Missing cached shader map for material Metal_Grey, compiling. 
[2019.01.29-16.56.21:485][589]LogShaderCompilers: Display: Shaders left to compile 22
[2019.01.29-16.56.21:485][589]LogShaderCompilers: Display: Shaders left to compile 12
[2019.01.29-16.56.21:485][589]LogShaderCompilers: Display: Shaders left to compile 2
[2019.01.29-16.56.21:485][589]LogMaterial: Display: Missing cached shader map for material Plastic_Grey, compiling. 
[2019.01.29-16.56.21:504][589]LogMaterial: Display: Missing cached shader map for material Metal_White, compiling. 
[2019.01.29-16.56.21:523][589]LogMaterial: Display: Missing cached shader map for material Plastic_White, compiling. 
[2019.01.29-16.56.21:537][589]LogFbx: Warning: Triangulating static mesh Radiator_01
[2019.01.29-16.56.22:528][589]LogShaderCompilers: Display: Shaders left to compile 66
[2019.01.29-16.56.22:681][589]LogStaticMesh: Building static mesh Radiator_Small...
[2019.01.29-16.56.23:096][589]LogShaderCompilers: Display: Shaders left to compile 56
[2019.01.29-16.56.23:096][589]LogStaticMesh: Built static mesh [0.44s] /Game/Akenomia/Assets/Props/Guitar/Radiator_Small.Radiator_Small
[2019.01.29-16.56.23:189][589]LogStaticMesh: Warning: Radiator_Small has degenerate tangent bases which will result in incorrect shading.  MikkTSpace relies on tangent bases and may result in mesh corruption, consider disabling this option.
[2019.01.29-16.56.23:190][589]LogStaticMesh: Warning: Radiator_Small has some nearly zero bi-normals which can create some issues. (Tolerance of 1E-4)
[2019.01.29-16.56.23:234][589]FBXImport: Warning: No smoothing group information was found in this FBX scene.  Please make sure to enable the 'Export Smoothing Groups' option in the FBX Exporter plug-in before exporting the file.  Even for tools that don't support smoothing groups, the FBX Exporter will generate appropriate smoothing data at export-time so that correct vertex normals can be inferred while importing. 
[2019.01.29-16.56.23:234][589]FBXImport: Warning: Radiator_Small has degenerate tangent bases which will result in incorrect shading.  MikkTSpace relies on tangent bases and may result in mesh corruption, consider disabling this option. 
[2019.01.29-16.56.23:234][589]FBXImport: Warning: Radiator_Small has some nearly zero bi-normals which can create some issues. (Tolerance of 1E-4) 
[2019.01.29-16.56.23:336][589]LogFactory: FactoryCreateFile: StaticMesh with FbxFactory (0 0 E:\M_DRIVE\3D\3DProject\02-Akenomia\R&D_Unreal\Assets\Radiators\Radiator_Tall.fbx)
[2019.01.29-16.56.23:354][589]LogFbx: Loading FBX Scene from E:\M_DRIVE\3D\3DProject\02-Akenomia\R&D_Unreal\Assets\Radiators\Radiator_Tall.fbx
[2019.01.29-16.56.23:372][589]LogFbx: FBX Scene Loaded Succesfully
[2019.01.29-16.56.24:711][589]LogShaderCompilers: Display: Shaders left to compile 46
[2019.01.29-16.56.24:992][589]LogShaderCompilers: Display: Shaders left to compile 36
[2019.01.29-16.56.26:193][589]LogSlate: Window 'FBX Import Options' being destroyed
[2019.01.29-16.56.26:235][589]LogShaderCompilers: Display: Shaders left to compile 26
[2019.01.29-16.56.26:245][589]LogFbx: Warning: Triangulating static mesh Radiator_01
[2019.01.29-16.56.27:244][589]LogShaderCompilers: Display: Shaders left to compile 16
[2019.01.29-16.56.27:245][589]LogShaderCompilers: Display: Shaders left to compile 6
[2019.01.29-16.56.27:347][589]LogStaticMesh: Building static mesh Radiator_Tall...
[2019.01.29-16.56.27:722][589]LogStaticMesh: Built static mesh [0.38s] /Game/Akenomia/Assets/Props/Guitar/Radiator_Tall.Radiator_Tall
[2019.01.29-16.56.27:790][589]LogStaticMesh: Warning: Radiator_Tall has degenerate tangent bases which will result in incorrect shading.  MikkTSpace relies on tangent bases and may result in mesh corruption, consider disabling this option.
[2019.01.29-16.56.27:790][589]LogStaticMesh: Warning: Radiator_Tall has some nearly zero bi-normals which can create some issues. (Tolerance of 1E-4)
[2019.01.29-16.56.27:797][589]FBXImport: Warning: No smoothing group information was found in this FBX scene.  Please make sure to enable the 'Export Smoothing Groups' option in the FBX Exporter plug-in before exporting the file.  Even for tools that don't support smoothing groups, the FBX Exporter will generate appropriate smoothing data at export-time so that correct vertex normals can be inferred while importing. 
[2019.01.29-16.56.27:797][589]FBXImport: Warning: Radiator_Tall has degenerate tangent bases which will result in incorrect shading.  MikkTSpace relies on tangent bases and may result in mesh corruption, consider disabling this option. 
[2019.01.29-16.56.27:797][589]FBXImport: Warning: Radiator_Tall has some nearly zero bi-normals which can create some issues. (Tolerance of 1E-4) 
[2019.01.29-16.56.27:874][589]LogFactory: FactoryCreateFile: StaticMesh with FbxFactory (0 0 E:\M_DRIVE\3D\3DProject\02-Akenomia\R&D_Unreal\Assets\Radiators\Radiator_Medium.fbx)
[2019.01.29-16.56.27:888][589]LogFbx: Loading FBX Scene from E:\M_DRIVE\3D\3DProject\02-Akenomia\R&D_Unreal\Assets\Radiators\Radiator_Medium.fbx
[2019.01.29-16.56.27:904][589]LogFbx: FBX Scene Loaded Succesfully
[2019.01.29-16.56.27:915][589]LogFbx: Warning: Triangulating static mesh Radiator_02
[2019.01.29-16.56.28:755][589]LogStaticMesh: Building static mesh Radiator_Medium...
[2019.01.29-16.56.28:965][589]LogStaticMesh: Built static mesh [0.21s] /Game/Akenomia/Assets/Props/Guitar/Radiator_Medium.Radiator_Medium
[2019.01.29-16.56.29:015][589]LogStaticMesh: Warning: Radiator_Medium has degenerate tangent bases which will result in incorrect shading.  MikkTSpace relies on tangent bases and may result in mesh corruption, consider disabling this option.
[2019.01.29-16.56.29:015][589]LogStaticMesh: Warning: Radiator_Medium has some nearly zero bi-normals which can create some issues. (Tolerance of 1E-4)
[2019.01.29-16.56.29:022][589]FBXImport: Warning: No smoothing group information was found in this FBX scene.  Please make sure to enable the 'Export Smoothing Groups' option in the FBX Exporter plug-in before exporting the file.  Even for tools that don't support smoothing groups, the FBX Exporter will generate appropriate smoothing data at export-time so that correct vertex normals can be inferred while importing. 
[2019.01.29-16.56.29:022][589]FBXImport: Warning: Radiator_Medium has degenerate tangent bases which will result in incorrect shading.  MikkTSpace relies on tangent bases and may result in mesh corruption, consider disabling this option. 
[2019.01.29-16.56.29:022][589]FBXImport: Warning: Radiator_Medium has some nearly zero bi-normals which can create some issues. (Tolerance of 1E-4) 
[2019.01.29-16.56.36:223][395]LogSlate: FSceneViewport::OnFocusLost() reason 0
[2019.01.29-16.56.40:214][823]LogActorFactory: Actor Factory created Radiator_Medium
[2019.01.29-16.56.41:137][910]LogActorFactory: Actor Factory created Radiator_Medium
[2019.01.29-16.56.46:908][579]Cmd: CAMERA ALIGN ACTIVEVIEWPORTONLY
[2019.01.29-16.56.50:614][  1]LogSlate: FSceneViewport::OnFocusLost() reason 0
[2019.01.29-16.56.56:577][653]LogAssetEditorManager: Opening Asset editor for StaticMesh /Game/Akenomia/Assets/Props/Guitar/Radiator_Medium.Radiator_Medium
[2019.01.29-16.56.58:415][654]LogRenderer: Reallocating scene render targets to support 1060x740 Format 26 NumSamples 1 (Frame:1).
[2019.01.29-16.57.00:631][855]LogSlate: FSceneViewport::OnFocusLost() reason 2
[2019.01.29-16.57.13:223][745]LogSlate: FSceneViewport::OnFocusLost() reason 2
[2019.01.29-16.57.19:432][228]LogSlate: FSceneViewport::OnFocusLost() reason 0
[2019.01.29-16.57.45:488][627]LogSavePackage: Moving '../../../../../../Users/user/Documents/01-Projects_UE/Akenomia/Saved/01_BaseScene_Auto1C22B269A48E9DABD4B536A9FFBC4D264.tmp' to '../../../../../../Users/user/Documents/01-Projects_UE/Akenomia/Saved/Autosaves/Game/Akenomia/Level/01_BaseScene_Auto1.umap'
[2019.01.29-16.57.45:519][627]LogFileHelpers: Editor autosave (incl. sublevels) for '/Game/Akenomia/Level/01_BaseScene' took 0.650
[2019.01.29-16.57.45:519][627]LogFileHelpers: Editor autosave (incl. sublevels) for all levels took 0.650
[2019.01.29-16.57.45:527][627]OBJ SavePackage: Generating thumbnails for [1] asset(s) in package [/Game/Akenomia/Assets/Props/Guitar/Metal_Grey] ([1] browsable assets)...
[2019.01.29-16.57.45:553][627]OBJ SavePackage:     Rendered thumbnail for [Material /Game/Akenomia/Assets/Props/Guitar/Metal_Grey.Metal_Grey]
[2019.01.29-16.57.45:553][627]OBJ SavePackage: Finished generating thumbnails for package [/Game/Akenomia/Assets/Props/Guitar/Metal_Grey]
[2019.01.29-16.57.45:594][627]LogSavePackage: Moving '../../../../../../Users/user/Documents/01-Projects_UE/Akenomia/Saved/Metal_Grey_Auto13A35D41E4FE635C104A53696C51F637B.tmp' to '../../../../../../Users/user/Documents/01-Projects_UE/Akenomia/Saved/Autosaves/Game/Akenomia/Assets/Props/Guitar/Metal_Grey_Auto1.uasset'
[2019.01.29-16.57.45:594][627]OBJ SavePackage: Generating thumbnails for [1] asset(s) in package [/Game/Akenomia/Assets/Props/Guitar/Radiator_Small] ([1] browsable assets)...
[2019.01.29-16.57.45:605][627]OBJ SavePackage:     Rendered thumbnail for [StaticMesh /Game/Akenomia/Assets/Props/Guitar/Radiator_Small.Radiator_Small]
[2019.01.29-16.57.45:605][627]OBJ SavePackage: Finished generating thumbnails for package [/Game/Akenomia/Assets/Props/Guitar/Radiator_Small]
[2019.01.29-16.57.45:622][627]LogSavePackage: Moving '../../../../../../Users/user/Documents/01-Projects_UE/Akenomia/Saved/Radiator_Small_Auto113C1608F46E9BC46A256F38E57648B84.tmp' to '../../../../../../Users/user/Documents/01-Projects_UE/Akenomia/Saved/Autosaves/Game/Akenomia/Assets/Props/Guitar/Radiator_Small_Auto1.uasset'
[2019.01.29-16.57.45:623][627]OBJ SavePackage: Generating thumbnails for [1] asset(s) in package [/Game/Akenomia/Assets/Props/Guitar/Plastic_Grey] ([1] browsable assets)...
[2019.01.29-16.57.45:634][627]OBJ SavePackage:     Rendered thumbnail for [Material /Game/Akenomia/Assets/Props/Guitar/Plastic_Grey.Plastic_Grey]
[2019.01.29-16.57.45:634][627]OBJ SavePackage: Finished generating thumbnails for package [/Game/Akenomia/Assets/Props/Guitar/Plastic_Grey]
[2019.01.29-16.57.45:652][627]LogSavePackage: Moving '../../../../../../Users/user/Documents/01-Projects_UE/Akenomia/Saved/Plastic_Grey_Auto15DF619CB42A5509ADFE6129DE404301E.tmp' to '../../../../../../Users/user/Documents/01-Projects_UE/Akenomia/Saved/Autosaves/Game/Akenomia/Assets/Props/Guitar/Plastic_Grey_Auto1.uasset'
[2019.01.29-16.57.45:653][627]OBJ SavePackage: Generating thumbnails for [1] asset(s) in package [/Game/Akenomia/Assets/Props/Guitar/Metal_White] ([1] browsable assets)...
[2019.01.29-16.57.45:664][627]OBJ SavePackage:     Rendered thumbnail for [Material /Game/Akenomia/Assets/Props/Guitar/Metal_White.Metal_White]
[2019.01.29-16.57.45:664][627]OBJ SavePackage: Finished generating thumbnails for package [/Game/Akenomia/Assets/Props/Guitar/Metal_White]
[2019.01.29-16.57.45:678][627]LogSavePackage: Moving '../../../../../../Users/user/Documents/01-Projects_UE/Akenomia/Saved/Metal_White_Auto18448D63F40C59DE3D2520F911419AA24.tmp' to '../../../../../../Users/user/Documents/01-Projects_UE/Akenomia/Saved/Autosaves/Game/Akenomia/Assets/Props/Guitar/Metal_White_Auto1.uasset'
[2019.01.29-16.57.45:679][627]OBJ SavePackage: Generating thumbnails for [1] asset(s) in package [/Game/Akenomia/Assets/Props/Guitar/Plastic_White] ([1] browsable assets)...
[2019.01.29-16.57.45:690][627]OBJ SavePackage:     Rendered thumbnail for [Material /Game/Akenomia/Assets/Props/Guitar/Plastic_White.Plastic_White]
[2019.01.29-16.57.45:690][627]OBJ SavePackage: Finished generating thumbnails for package [/Game/Akenomia/Assets/Props/Guitar/Plastic_White]
[2019.01.29-16.57.45:705][627]LogSavePackage: Moving '../../../../../../Users/user/Documents/01-Projects_UE/Akenomia/Saved/Plastic_White_Auto178E9CCEC471AC6867E17A186BE3CB2E0.tmp' to '../../../../../../Users/user/Documents/01-Projects_UE/Akenomia/Saved/Autosaves/Game/Akenomia/Assets/Props/Guitar/Plastic_White_Auto1.uasset'
[2019.01.29-16.57.45:706][627]OBJ SavePackage: Generating thumbnails for [1] asset(s) in package [/Game/Akenomia/Assets/Props/Guitar/Radiator_Tall] ([1] browsable assets)...
[2019.01.29-16.57.45:719][627]OBJ SavePackage:     Rendered thumbnail for [StaticMesh /Game/Akenomia/Assets/Props/Guitar/Radiator_Tall.Radiator_Tall]
[2019.01.29-16.57.45:720][627]OBJ SavePackage: Finished generating thumbnails for package [/Game/Akenomia/Assets/Props/Guitar/Radiator_Tall]
[2019.01.29-16.57.45:738][627]LogSavePackage: Moving '../../../../../../Users/user/Documents/01-Projects_UE/Akenomia/Saved/Radiator_Tall_Auto176E0E5954F834680A6F0BEA62C9C93A4.tmp' to '../../../../../../Users/user/Documents/01-Projects_UE/Akenomia/Saved/Autosaves/Game/Akenomia/Assets/Props/Guitar/Radiator_Tall_Auto1.uasset'
[2019.01.29-16.57.45:739][627]OBJ SavePackage: Generating thumbnails for [1] asset(s) in package [/Game/Akenomia/Assets/Props/Guitar/Radiator_Medium] ([1] browsable assets)...
[2019.01.29-16.57.45:750][627]OBJ SavePackage:     Rendered thumbnail for [StaticMesh /Game/Akenomia/Assets/Props/Guitar/Radiator_Medium.Radiator_Medium]
[2019.01.29-16.57.45:750][627]OBJ SavePackage: Finished generating thumbnails for package [/Game/Akenomia/Assets/Props/Guitar/Radiator_Medium]
[2019.01.29-16.57.45:766][627]LogSavePackage: Moving '../../../../../../Users/user/Documents/01-Projects_UE/Akenomia/Saved/Radiator_Medium_Auto1D31D872B410B2DADABC05D97FE2C6622.tmp' to '../../../../../../Users/user/Documents/01-Projects_UE/Akenomia/Saved/Autosaves/Game/Akenomia/Assets/Props/Guitar/Radiator_Medium_Auto1.uasset'
[2019.01.29-16.57.45:767][627]LogFileHelpers: Auto-saving content packages took 0.241
[2019.01.29-17.01.06:291][935]LogEditorFactories: Performing atomic reimport of [E:/M_DRIVE/3D/3DProject/02-Akenomia/R&D_Unreal/Assets/Radiators/Radiator_Medium.fbx]
[2019.01.29-17.01.06:314][935]LogFbx: Loading FBX Scene from E:/M_DRIVE/3D/3DProject/02-Akenomia/R&D_Unreal/Assets/Radiators/Radiator_Medium.fbx
[2019.01.29-17.01.06:328][935]LogFbx: FBX Scene Loaded Succesfully
[2019.01.29-17.01.06:373][935]LogFbx: Warning: Triangulating static mesh Radiator_02
[2019.01.29-17.01.07:035][935]LogStaticMesh: Building static mesh Radiator_Medium...
[2019.01.29-17.01.07:225][935]LogStaticMesh: Built static mesh [0.20s] /Game/Akenomia/Assets/Props/Guitar/Radiator_Medium.Radiator_Medium
[2019.01.29-17.01.07:257][935]LogStaticMesh: Warning: Radiator_Medium has degenerate tangent bases which will result in incorrect shading.  MikkTSpace relies on tangent bases and may result in mesh corruption, consider disabling this option.
[2019.01.29-17.01.07:257][935]LogStaticMesh: Warning: Radiator_Medium has some nearly zero bi-normals which can create some issues. (Tolerance of 1E-4)
[2019.01.29-17.01.07:274][935]LogEditorFactories: -- imported successfully
[2019.01.29-17.01.07:278][935]FBXImport: Warning: No smoothing group information was found in this FBX scene.  Please make sure to enable the 'Export Smoothing Groups' option in the FBX Exporter plug-in before exporting the file.  Even for tools that don't support smoothing groups, the FBX Exporter will generate appropriate smoothing data at export-time so that correct vertex normals can be inferred while importing. 
[2019.01.29-17.01.07:278][935]FBXImport: Warning: Radiator_Medium has degenerate tangent bases which will result in incorrect shading.  MikkTSpace relies on tangent bases and may result in mesh corruption, consider disabling this option. 
[2019.01.29-17.01.07:278][935]FBXImport: Warning: Radiator_Medium has some nearly zero bi-normals which can create some issues. (Tolerance of 1E-4) 
[2019.01.29-17.01.16:878][727]Cmd: CAMERA ALIGN ACTIVEVIEWPORTONLY
[2019.01.29-17.01.22:410][180]LogEditorViewport: Clicking on Actor (double click): StaticMeshActor (Floor_400x400)
[2019.01.29-17.01.22:892][209]Cmd: TRANSACTION UNDO
[2019.01.29-17.01.22:892][209]LogEditorTransaction: Undo Clicking on Actors (double-click)
[2019.01.29-17.01.23:705][253]Cmd: TRANSACTION UNDO
[2019.01.29-17.01.23:705][253]LogEditorTransaction: Undo Move Actors
[2019.01.29-17.01.25:362][379]LogEditorViewport: Clicking on Actor (LMB): StaticMeshActor (Pillar_50x502)
[2019.01.29-17.01.27:131][512]LogSlate: FSceneViewport::OnFocusLost() reason 0
[2019.01.29-17.01.27:197][520]Cmd: MODE GRID=0
[2019.01.29-17.01.42:152][722]LogEditorViewport: Clicking on Actor (LMB): StaticMeshActor (Pillar_50x502)
[2019.01.29-17.01.42:649][761]LogEditorViewport: Clicking on Actor (LMB): StaticMeshActor (Radiator_Medium)
[2019.01.29-17.02.02:065][333]LogEditorViewport: Clicking on Actor (LMB): StaticMeshActor (Pillar_50x503)
[2019.01.29-17.02.04:937][563]Cmd: DELETE
[2019.01.29-17.02.04:937][563]Cmd: ACTOR DELETE
[2019.01.29-17.02.04:995][563]LogEditorActor: Deleted Actor: StaticMeshActor
[2019.01.29-17.02.05:037][563]LogEditorActor: Deleted 1 Actors (0.082 secs)
[2019.01.29-17.02.05:832][638]LogEditorViewport: Clicking on Actor (LMB): StaticMeshActor (Pillar_50x502)
[2019.01.29-17.02.09:925][967]Cmd: DUPLICATE
[2019.01.29-17.02.09:925][967]Cmd: ACTOR DUPLICATE
[2019.01.29-17.02.13:728][262]Cmd: CAMERA ALIGN ACTIVEVIEWPORTONLY
[2019.01.29-17.02.22:194][927]LogEditorViewport: Clicking on Actor (LMB): StaticMeshActor (Floor_400x400)
[2019.01.29-17.02.24:775][130]LogEditorViewport: Clicking on Actor (context menu): StaticMeshActor (Pillar_50x503)
[2019.01.29-17.02.24:958][130]LogSlate: FSceneViewport::OnFocusLost() reason 2
[2019.01.29-17.02.25:771][219]LogEditorViewport: Clicking on Actor (LMB): StaticMeshActor (Floor_400x400)
[2019.01.29-17.02.28:210][413]LogEditorViewport: Clicking on Actor (LMB): StaticMeshActor (Radiator_Medium)
[2019.01.29-17.02.34:710][921]Cmd: CAMERA ALIGN ACTIVEVIEWPORTONLY
[2019.01.29-17.02.38:204][202]Cmd: CAMERA ALIGN ACTIVEVIEWPORTONLY
[2019.01.29-17.02.42:789][554]LogSlate: FSceneViewport::OnFocusLost() reason 0
[2019.01.29-17.02.47:381][852]LogSlate: FSceneViewport::OnFocusLost() reason 0
[2019.01.29-17.04.04:350][171]LogSavePackage: Moving '../../../../../../Users/user/Documents/01-Projects_UE/Akenomia/Saved/Radiator_Medium578B41194490A25ABDC59CA3931D168E.tmp' to '../../../../../../Users/user/Documents/01-Projects_UE/Akenomia/Content/Akenomia/Assets/Props/Guitar/Radiator_Medium.uasset'
[2019.01.29-17.04.05:780][252]LogSlate: FSceneViewport::OnFocusLost() reason 0
[2019.01.29-17.04.07:273][404]LogEditorFactories: Performing atomic reimport of [E:/M_DRIVE/3D/3DProject/02-Akenomia/R&D_Unreal/Assets/Radiators/Radiator_Medium.fbx]
[2019.01.29-17.04.07:294][404]LogFbx: Loading FBX Scene from E:/M_DRIVE/3D/3DProject/02-Akenomia/R&D_Unreal/Assets/Radiators/Radiator_Medium.fbx
[2019.01.29-17.04.07:309][404]LogFbx: FBX Scene Loaded Succesfully
[2019.01.29-17.04.07:328][404]LogFbx: Warning: Triangulating static mesh Radiator_02
[2019.01.29-17.04.07:973][404]LogStaticMesh: Building static mesh Radiator_Medium...
[2019.01.29-17.04.08:171][404]LogStaticMesh: Built static mesh [0.20s] /Game/Akenomia/Assets/Props/Guitar/Radiator_Medium.Radiator_Medium
[2019.01.29-17.04.08:206][404]LogStaticMesh: Warning: Radiator_Medium has degenerate tangent bases which will result in incorrect shading.  MikkTSpace relies on tangent bases and may result in mesh corruption, consider disabling this option.
[2019.01.29-17.04.08:206][404]LogStaticMesh: Warning: Radiator_Medium has some nearly zero bi-normals which can create some issues. (Tolerance of 1E-4)
[2019.01.29-17.04.08:214][404]LogEditorFactories: -- imported successfully
[2019.01.29-17.04.08:218][404]FBXImport: Warning: No smoothing group information was found in this FBX scene.  Please make sure to enable the 'Export Smoothing Groups' option in the FBX Exporter plug-in before exporting the file.  Even for tools that don't support smoothing groups, the FBX Exporter will generate appropriate smoothing data at export-time so that correct vertex normals can be inferred while importing. 
[2019.01.29-17.04.08:218][404]FBXImport: Warning: Radiator_Medium has degenerate tangent bases which will result in incorrect shading.  MikkTSpace relies on tangent bases and may result in mesh corruption, consider disabling this option. 
[2019.01.29-17.04.08:218][404]FBXImport: Warning: Radiator_Medium has some nearly zero bi-normals which can create some issues. (Tolerance of 1E-4) 
[2019.01.29-17.04.16:516][957]LogSlate: FSceneViewport::OnFocusLost() reason 2
[2019.01.29-17.04.17:648][ 56]LogSlate: FSceneViewport::OnFocusLost() reason 2
[2019.01.29-17.04.23:204][468]LogSlate: FSceneViewport::OnFocusLost() reason 0
[2019.01.29-17.04.37:297][397]LogSavePackage: Moving '../../../../../../Users/user/Documents/01-Projects_UE/Akenomia/Saved/Radiator_Medium720A6BA6492C1723876A7982E3BBE9FF.tmp' to '../../../../../../Users/user/Documents/01-Projects_UE/Akenomia/Content/Akenomia/Assets/Props/Guitar/Radiator_Medium.uasset'
[2019.01.29-17.05.02:123][ 91]LogSlate: Window 'Content Browser' being destroyed
[2019.01.29-17.05.02:129][ 91]LogSlate: Window 'Content Browser' being destroyed
[2019.01.29-17.05.02:945][134]LogSavePackage: Moving '../../../../../../Users/user/Documents/01-Projects_UE/Akenomia/Saved/Radiator_MediumD2ACDEC542B840812A1BFABBAC80BECB.tmp' to '../../../../../../Users/user/Documents/01-Projects_UE/Akenomia/Content/Akenomia/Assets/Props/Guitar/Radiator_Medium.uasset'
[2019.01.29-17.05.06:657][423]LogEditorFactories: Performing atomic reimport of [E:/M_DRIVE/3D/3DProject/02-Akenomia/R&D_Unreal/Assets/Radiators/Radiator_Medium.fbx]
[2019.01.29-17.05.06:678][423]LogFbx: Loading FBX Scene from E:/M_DRIVE/3D/3DProject/02-Akenomia/R&D_Unreal/Assets/Radiators/Radiator_Medium.fbx
[2019.01.29-17.05.06:693][423]LogFbx: FBX Scene Loaded Succesfully
[2019.01.29-17.05.06:714][423]LogFbx: Warning: Triangulating static mesh Radiator_02
[2019.01.29-17.05.07:347][423]LogStaticMesh: Building static mesh Radiator_Medium...
[2019.01.29-17.05.07:545][423]LogStaticMesh: Built static mesh [0.20s] /Game/Akenomia/Assets/Props/Guitar/Radiator_Medium.Radiator_Medium
[2019.01.29-17.05.07:576][423]LogStaticMesh: Warning: Radiator_Medium has degenerate tangent bases which will result in incorrect shading.  MikkTSpace relies on tangent bases and may result in mesh corruption, consider disabling this option.
[2019.01.29-17.05.07:576][423]LogStaticMesh: Warning: Radiator_Medium has some nearly zero bi-normals which can create some issues. (Tolerance of 1E-4)
[2019.01.29-17.05.07:589][423]LogEditorFactories: -- imported successfully
[2019.01.29-17.05.07:593][423]FBXImport: Warning: No smoothing group information was found in this FBX scene.  Please make sure to enable the 'Export Smoothing Groups' option in the FBX Exporter plug-in before exporting the file.  Even for tools that don't support smoothing groups, the FBX Exporter will generate appropriate smoothing data at export-time so that correct vertex normals can be inferred while importing. 
[2019.01.29-17.05.07:593][423]FBXImport: Warning: Radiator_Medium has degenerate tangent bases which will result in incorrect shading.  MikkTSpace relies on tangent bases and may result in mesh corruption, consider disabling this option. 
[2019.01.29-17.05.07:593][423]FBXImport: Warning: Radiator_Medium has some nearly zero bi-normals which can create some issues. (Tolerance of 1E-4) 
[2019.01.29-17.05.55:377][317]LogEditorFactories: Performing atomic reimport of [E:/M_DRIVE/3D/3DProject/02-Akenomia/R&D_Unreal/Assets/Radiators/Radiator_Medium.fbx]
[2019.01.29-17.05.55:399][317]LogFbx: Loading FBX Scene from E:/M_DRIVE/3D/3DProject/02-Akenomia/R&D_Unreal/Assets/Radiators/Radiator_Medium.fbx
[2019.01.29-17.05.55:414][317]LogFbx: FBX Scene Loaded Succesfully
[2019.01.29-17.05.55:432][317]LogFbx: Warning: Triangulating static mesh Radiator_02
[2019.01.29-17.05.56:045][317]LogStaticMesh: Building static mesh Radiator_Medium...
[2019.01.29-17.05.56:238][317]LogStaticMesh: Built static mesh [0.19s] /Game/Akenomia/Assets/Props/Guitar/Radiator_Medium.Radiator_Medium
[2019.01.29-17.05.56:267][317]LogStaticMesh: Warning: Radiator_Medium has degenerate tangent bases which will result in incorrect shading.  MikkTSpace relies on tangent bases and may result in mesh corruption, consider disabling this option.
[2019.01.29-17.05.56:267][317]LogStaticMesh: Warning: Radiator_Medium has some nearly zero bi-normals which can create some issues. (Tolerance of 1E-4)
[2019.01.29-17.05.56:275][317]LogEditorFactories: -- imported successfully
[2019.01.29-17.05.56:279][317]FBXImport: Warning: No smoothing group information was found in this FBX scene.  Please make sure to enable the 'Export Smoothing Groups' option in the FBX Exporter plug-in before exporting the file.  Even for tools that don't support smoothing groups, the FBX Exporter will generate appropriate smoothing data at export-time so that correct vertex normals can be inferred while importing. 
[2019.01.29-17.05.56:279][317]FBXImport: Warning: Radiator_Medium has degenerate tangent bases which will result in incorrect shading.  MikkTSpace relies on tangent bases and may result in mesh corruption, consider disabling this option. 
[2019.01.29-17.05.56:279][317]FBXImport: Warning: Radiator_Medium has some nearly zero bi-normals which can create some issues. (Tolerance of 1E-4) 
[2019.01.29-17.06.03:729][935]LogSlate: FSceneViewport::OnFocusLost() reason 0
[2019.01.29-17.06.58:864][655]LogSlate: FSceneViewport::OnFocusLost() reason 0
[2019.01.29-17.07.24:748][713]LogSlate: FSceneViewport::OnFocusLost() reason 0
[2019.01.29-17.07.28:281][938]LogSlate: FSceneViewport::OnFocusLost() reason 0
[2019.01.29-17.07.28:390][946]LogSlate: Window 'Radiator_Medium*' being destroyed
[2019.01.29-17.07.29:588][ 20]LogAssetEditorManager: Opening Asset editor for StaticMesh /Game/Akenomia/Assets/Props/Guitar/Radiator_Medium.Radiator_Medium
[2019.01.29-17.07.32:440][245]LogSlate: FSceneViewport::OnFocusLost() reason 2
[2019.01.29-17.07.34:742][423]LogSlate: FSceneViewport::OnFocusLost() reason 2
[2019.01.29-17.07.36:610][572]LogSlate: FSceneViewport::OnFocusLost() reason 0
[2019.01.29-17.08.01:279][294]LogEditorFactories: Performing atomic reimport of [E:/M_DRIVE/3D/3DProject/02-Akenomia/R&D_Unreal/Assets/Radiators/Radiator_Medium.fbx]
[2019.01.29-17.08.01:300][294]LogFbx: Loading FBX Scene from E:/M_DRIVE/3D/3DProject/02-Akenomia/R&D_Unreal/Assets/Radiators/Radiator_Medium.fbx
[2019.01.29-17.08.01:315][294]LogFbx: FBX Scene Loaded Succesfully
[2019.01.29-17.08.01:334][294]LogFbx: Warning: Triangulating static mesh Radiator_02
[2019.01.29-17.08.01:945][294]LogStaticMesh: Building static mesh Radiator_Medium...
[2019.01.29-17.08.02:152][294]LogStaticMesh: Built static mesh [0.21s] /Game/Akenomia/Assets/Props/Guitar/Radiator_Medium.Radiator_Medium
[2019.01.29-17.08.02:188][294]LogStaticMesh: Warning: Radiator_Medium has degenerate tangent bases which will result in incorrect shading.  MikkTSpace relies on tangent bases and may result in mesh corruption, consider disabling this option.
[2019.01.29-17.08.02:188][294]LogStaticMesh: Warning: Radiator_Medium has some nearly zero bi-normals which can create some issues. (Tolerance of 1E-4)
[2019.01.29-17.08.02:194][294]LogEditorFactories: -- imported successfully
[2019.01.29-17.08.02:198][294]FBXImport: Warning: No smoothing group information was found in this FBX scene.  Please make sure to enable the 'Export Smoothing Groups' option in the FBX Exporter plug-in before exporting the file.  Even for tools that don't support smoothing groups, the FBX Exporter will generate appropriate smoothing data at export-time so that correct vertex normals can be inferred while importing. 
[2019.01.29-17.08.02:198][294]FBXImport: Warning: Radiator_Medium has degenerate tangent bases which will result in incorrect shading.  MikkTSpace relies on tangent bases and may result in mesh corruption, consider disabling this option. 
[2019.01.29-17.08.02:198][294]FBXImport: Warning: Radiator_Medium has some nearly zero bi-normals which can create some issues. (Tolerance of 1E-4) 
[2019.01.29-17.08.10:148][764]LogSlate: FSceneViewport::OnFocusLost() reason 2
[2019.01.29-17.08.10:603][814]LogSlate: FSceneViewport::OnFocusLost() reason 2
[2019.01.29-17.08.11:550][911]LogSlate: FSceneViewport::OnFocusLost() reason 2
[2019.01.29-17.08.12:945][ 20]LogSlate: FSceneViewport::OnFocusLost() reason 0
[2019.01.29-17.08.17:918][341]LogSlate: FSceneViewport::OnFocusLost() reason 0
[2019.01.29-17.08.31:025][167]LogSlate: FSceneViewport::OnFocusLost() reason 0
[2019.01.29-17.08.31:149][177]LogRenderer: Reallocating scene render targets to support 1060x888 Format 26 NumSamples 1 (Frame:2576).
[2019.01.29-17.08.34:473][398]LogRenderer: Reallocating scene render targets to support 1148x888 Format 26 NumSamples 1 (Frame:2760).
[2019.01.29-17.08.34:535][399]LogRenderer: Reallocating scene render targets to support 1356x888 Format 26 NumSamples 1 (Frame:2762).
[2019.01.29-17.08.34:590][400]LogRenderer: Reallocating scene render targets to support 1452x888 Format 26 NumSamples 1 (Frame:2764).
[2019.01.29-17.08.34:655][401]LogRenderer: Reallocating scene render targets to support 1456x888 Format 26 NumSamples 1 (Frame:2766).
[2019.01.29-17.08.34:711][402]LogRenderer: Reallocating scene render targets to support 1460x888 Format 26 NumSamples 1 (Frame:2768).
[2019.01.29-17.08.34:769][403]LogRenderer: Reallocating scene render targets to support 1464x888 Format 26 NumSamples 1 (Frame:2770).
[2019.01.29-17.08.39:754][716]LogSlate: FSceneViewport::OnFocusLost() reason 0
[2019.01.29-17.09.04:010][664]LogSlate: FSceneViewport::OnFocusLost() reason 2
[2019.01.29-17.09.08:891][979]LogSlate: FSceneViewport::OnFocusLost() reason 2
[2019.01.29-17.09.38:992][437]LogSavePackage: Moving '../../../../../../Users/user/Documents/01-Projects_UE/Akenomia/Saved/01_BaseScene_Auto2498D984746D0ACF1DA88FB89952AB657.tmp' to '../../../../../../Users/user/Documents/01-Projects_UE/Akenomia/Saved/Autosaves/Game/Akenomia/Level/01_BaseScene_Auto2.umap'
[2019.01.29-17.09.38:995][437]LogFileHelpers: Editor autosave (incl. sublevels) for '/Game/Akenomia/Level/01_BaseScene' took 0.257
[2019.01.29-17.09.38:995][437]LogFileHelpers: Editor autosave (incl. sublevels) for all levels took 0.257
[2019.01.29-17.09.38:996][437]OBJ SavePackage: Generating thumbnails for [1] asset(s) in package [/Game/Akenomia/Assets/Props/Guitar/Radiator_Medium] ([1] browsable assets)...
[2019.01.29-17.09.39:007][437]OBJ SavePackage:     Rendered thumbnail for [StaticMesh /Game/Akenomia/Assets/Props/Guitar/Radiator_Medium.Radiator_Medium]
[2019.01.29-17.09.39:007][437]OBJ SavePackage: Finished generating thumbnails for package [/Game/Akenomia/Assets/Props/Guitar/Radiator_Medium]
[2019.01.29-17.09.39:031][437]LogSavePackage: Moving '../../../../../../Users/user/Documents/01-Projects_UE/Akenomia/Saved/Radiator_Medium_Auto273BBB7D04824BCEEC163F1893308B5C9.tmp' to '../../../../../../Users/user/Documents/01-Projects_UE/Akenomia/Saved/Autosaves/Game/Akenomia/Assets/Props/Guitar/Radiator_Medium_Auto2.uasset'
[2019.01.29-17.09.39:032][437]LogFileHelpers: Auto-saving content packages took 0.036
[2019.01.29-17.09.55:533][487]LogSlate: FSceneViewport::OnFocusLost() reason 2
[2019.01.29-17.10.16:012][798]Cmd: DUPLICATE
[2019.01.29-17.10.16:012][798]Cmd: ACTOR DUPLICATE
[2019.01.29-17.10.19:308][  7]LogEditorViewport: Clicking on Actor (LMB): StaticMeshActor (SM_Bush)
[2019.01.29-17.10.30:757][147]LogWindows: Error: === Critical error: ===
[2019.01.29-17.10.30:757][147]LogWindows: Error: 
[2019.01.29-17.10.30:757][147]LogWindows: Error: Fatal error!
[2019.01.29-17.10.30:757][147]LogWindows: Error: 
[2019.01.29-17.10.30:757][147]LogWindows: Error: Unhandled Exception: EXCEPTION_ACCESS_VIOLATION 0x00000000
[2019.01.29-17.10.30:757][147]LogWindows: Error: 
[2019.01.29-17.10.30:757][147]LogWindows: Error: [Callstack] 0x0000000000000000 UnknownFunction []
[2019.01.29-17.10.30:757][147]LogWindows: Error: [Callstack] 0x00007fff08ce06b8 UE4Editor-StaticMeshEditorExtension.dll!MeshEditingUtilsImpl::FindIntersectingPolygon() [d:\build\++ue4\sync\localbuilds\installed\enterprise\plugins\editor\staticmesheditorextension\source\staticmesheditorextension\private\mesheditorutils.cpp:287]
[2019.01.29-17.10.30:757][147]LogWindows: Error: [Callstack] 0x00007fff08cea880 UE4Editor-StaticMeshEditorExtension.dll!FPolygonSelectionTool::MouseMove() [d:\build\++ue4\sync\localbuilds\installed\enterprise\plugins\editor\staticmesheditorextension\source\staticmesheditorextension\private\polygonselectiontool.cpp:203]
[2019.01.29-17.10.30:757][147]LogWindows: Error: [Callstack] 0x00007fff22f3ae68 UE4Editor-UnrealEd.dll!UnknownFunction []
[2019.01.29-17.10.30:757][147]LogWindows: Error: [Callstack] 0x00007fff22fa378f UE4Editor-UnrealEd.dll!UnknownFunction []
[2019.01.29-17.10.30:757][147]LogWindows: Error: [Callstack] 0x00007fff22fa3590 UE4Editor-UnrealEd.dll!UnknownFunction []
[2019.01.29-17.10.30:757][147]LogWindows: Error: [Callstack] 0x00007fff34332513 UE4Editor-Slate.dll!UnknownFunction []
[2019.01.29-17.10.30:757][147]LogWindows: Error: [Callstack] 0x00007fff3408571f UE4Editor-Slate.dll!UnknownFunction []
[2019.01.29-17.10.30:757][147]LogWindows: Error: [Callstack] 0x00007fff34121bb1 UE4Editor-Slate.dll!UnknownFunction []
[2019.01.29-17.10.30:757][147]LogWindows: Error: [Callstack] 0x00007fff34108e18 UE4Editor-Slate.dll!UnknownFunction []
[2019.01.29-17.10.30:757][147]LogWindows: Error: [Callstack] 0x00007fff3412d41f UE4Editor-Slate.dll!UnknownFunction []
[2019.01.29-17.10.30:757][147]LogWindows: Error: [Callstack] 0x00007fff3412f024 UE4Editor-Slate.dll!UnknownFunction []
[2019.01.29-17.10.30:757][147]LogWindows: Error: [Callstack] 0x00007fff3412e483 UE4Editor-Slate.dll!UnknownFunction []
[2019.01.29-17.10.30:757][147]LogWindows: Error: [Callstack] 0x00007ff689307094 UE4Editor.exe!UnknownFunction []
[2019.01.29-17.10.30:757][147]LogWindows: Error: [Callstack] 0x00007ff68931596c UE4Editor.exe!UnknownFunction []
[2019.01.29-17.10.30:757][147]LogWindows: Error: [Callstack] 0x00007ff6893159ea UE4Editor.exe!UnknownFunction []
[2019.01.29-17.10.30:757][147]LogWindows: Error: [Callstack] 0x00007ff6893248da UE4Editor.exe!UnknownFunction []
[2019.01.29-17.10.30:757][147]LogWindows: Error: [Callstack] 0x00007ff68932659a UE4Editor.exe!UnknownFunction []
[2019.01.29-17.10.30:757][147]LogWindows: Error: [Callstack] 0x00007fffa6653034 KERNEL32.DLL!UnknownFunction []
[2019.01.29-17.10.30:757][147]LogWindows: Error: [Callstack] 0x00007fffa7363691 ntdll.dll!UnknownFunction []
[2019.01.29-17.10.30:757][147]LogWindows: Error: 
[2019.01.29-17.10.30:771][147]LogExit: Executing StaticShutdownAfterError
[2019.01.29-17.10.31:136][147]LogWindows: FPlatformMisc::RequestExit(1)
[2019.01.29-17.10.31:219][147]Log file closed, 01/29/19 18:10:31
